<?xml version="1.0" encoding="UTF-8"?>
<!-- Generated by org.testng.reporters.JUnitXMLReporter -->
<testsuite hostname="B1009809" name="CitroënHomePageComponents" tests="69" failures="0" timestamp="11 Sep 2019 12:19:49 GMT" time="0.254" errors="0">
  <testcase name="ThePageTitleisCorrect" time="0.006" classname="Citroën.HPCompFrTest">
    <skipped/>
  </testcase> <!-- ThePageTitleisCorrect -->
  <testcase name="ThePageTitleBrandisCorrect" time="0.002" classname="Citroën.HPCompFrTest">
    <skipped/>
  </testcase> <!-- ThePageTitleBrandisCorrect -->
  <testcase name="ThePeugeotLogoIsDisplayed" time="0.005" classname="Citroën.HPCompFrTest">
    <skipped/>
  </testcase> <!-- ThePeugeotLogoIsDisplayed -->
  <testcase name="TheTextUnderThePageTitleIsCorrect" time="0.006" classname="Citroën.HPCompFrTest">
    <skipped/>
  </testcase> <!-- TheTextUnderThePageTitleIsCorrect -->
  <testcase name="GotToHomePageWhenClickingOnTheCitënLogo" time="0.002" classname="Citroën.HPCompFrTest">
    <skipped/>
  </testcase> <!-- GotToHomePageWhenClickingOnTheCitënLogo -->
  <testcase name="TheFacebookIconeIsPresent" time="0.001" classname="Citroën.HPCompFrTest">
    <skipped/>
  </testcase> <!-- TheFacebookIconeIsPresent -->
  <testcase name="GotFacebookPageWhenClickingTheFacebookIcone" time="0.001" classname="Citroën.HPCompFrTest">
    <skipped/>
  </testcase> <!-- GotFacebookPageWhenClickingTheFacebookIcone -->
  <testcase name="TheUserGeneralConditionsTextIsPresent" time="0.002" classname="Citroën.HPCompFrTest">
    <skipped/>
  </testcase> <!-- TheUserGeneralConditionsTextIsPresent -->
  <testcase name="TheCookiesTextIsPresent" time="0.001" classname="Citroën.HPCompFrTest">
    <skipped/>
  </testcase> <!-- TheCookiesTextIsPresent -->
  <testcase name="GotTheUserGeneralConditionsPDF" time="0.001" classname="Citroën.HPCompFrTest">
    <skipped/>
  </testcase> <!-- GotTheUserGeneralConditionsPDF -->
  <testcase name="GotTheCookiesPopUp" time="0.001" classname="Citroën.HPCompFrTest">
    <skipped/>
  </testcase> <!-- GotTheCookiesPopUp -->
  <testcase name="TheMySaveIconIsDisplayed" time="0.001" classname="Citroën.HPCompFrTest">
    <skipped/>
  </testcase> <!-- TheMySaveIconIsDisplayed -->
  <testcase name="TheMySaveTextIsDisplayed" time="0.001" classname="Citroën.HPCompFrTest">
    <skipped/>
  </testcase> <!-- TheMySaveTextIsDisplayed -->
  <testcase name="TheNeedHelpIconeIsDisplayed" time="0.001" classname="Citroën.HPCompFrTest">
    <skipped/>
  </testcase> <!-- TheNeedHelpIconeIsDisplayed -->
  <testcase name="TheNeedHelpTextIsDisplayed" time="0.001" classname="Citroën.HPCompFrTest">
    <skipped/>
  </testcase> <!-- TheNeedHelpTextIsDisplayed -->
  <testcase name="GotAPopupWhenClickingOnNeedHelpBotton" time="0.001" classname="Citroën.HPCompFrTest">
    <skipped/>
  </testcase> <!-- GotAPopupWhenClickingOnNeedHelpBotton -->
  <testcase name="TheTwiterIconeIsPresent" time="0.0" classname="Citroën.HPCompFrTest">
    <skipped/>
  </testcase> <!-- TheTwiterIconeIsPresent -->
  <testcase name="TheYoutubeIconeIsPresent" time="0.002" classname="Citroën.HPCompFrTest">
    <skipped/>
  </testcase> <!-- TheYoutubeIconeIsPresent -->
  <testcase name="GotTwiterPageWhenClickingTheTwiterIcone" time="0.001" classname="Citroën.HPCompFrTest">
    <skipped/>
  </testcase> <!-- GotTwiterPageWhenClickingTheTwiterIcone -->
  <testcase name="GotYoutubePageWhenClickingTheyoutubeIcone" time="0.001" classname="Citroën.HPCompFrTest">
    <skipped/>
  </testcase> <!-- GotYoutubePageWhenClickingTheyoutubeIcone -->
  <testcase name="TheSellGeneralConditionsTextIsPresent" time="0.001" classname="Citroën.HPCompFrTest">
    <skipped/>
  </testcase> <!-- TheSellGeneralConditionsTextIsPresent -->
  <testcase name="GotTheSellGeneralConditionsPDF" time="0.001" classname="Citroën.HPCompFrTest">
    <skipped/>
  </testcase> <!-- GotTheSellGeneralConditionsPDF -->
  <testcase name="GotTheRightUrlWhenClickingOnCarConfiguratorLink" time="0.001" classname="Citroën.HPCompFrTest">
    <skipped/>
  </testcase> <!-- GotTheRightUrlWhenClickingOnCarConfiguratorLink -->
  <testcase name="GotTheRightUrlWhenClickingOnProfessionalCarsLink" time="0.001" classname="Citroën.HPCompFrTest">
    <skipped/>
  </testcase> <!-- GotTheRightUrlWhenClickingOnProfessionalCarsLink -->
  <testcase name="GotTheRightUrlWhenClickingOnCarAccessoriesLink" time="0.001" classname="Citroën.HPCompFrTest">
    <skipped/>
  </testcase> <!-- GotTheRightUrlWhenClickingOnCarAccessoriesLink -->
  <testcase name="GotTheRightUrlWhenClickingOnUsedCarsLink" time="0.001" classname="Citroën.HPCompFrTest">
    <skipped/>
  </testcase> <!-- GotTheRightUrlWhenClickingOnUsedCarsLink -->
  <testcase name="GotTheRightUrlWhenClickingOnWebsotrePaimentLink" time="0.003" classname="Citroën.HPCompFrTest">
    <skipped/>
  </testcase> <!-- GotTheRightUrlWhenClickingOnWebsotrePaimentLink -->
  <testcase name="GotTheRightUrlWhenClickingOnTheOrderStepsLink" time="0.002" classname="Citroën.HPCompFrTest">
    <skipped/>
  </testcase> <!-- GotTheRightUrlWhenClickingOnTheOrderStepsLink -->
  <testcase name="GotTheRightUrlWhenClickingOnTheDelieveryStepsLink" time="0.001" classname="Citroën.HPCompFrTest">
    <skipped/>
  </testcase> <!-- GotTheRightUrlWhenClickingOnTheDelieveryStepsLink -->
  <testcase name="GotTheRightUrlWhenClickingOnTheFAQLink" time="0.002" classname="Citroën.HPCompFrTest">
    <skipped/>
  </testcase> <!-- GotTheRightUrlWhenClickingOnTheFAQLink -->
  <testcase name="GotTheRightUrlWhenClickingOnTheDealersLink" time="0.001" classname="Citroën.HPCompFrTest">
    <skipped/>
  </testcase> <!-- GotTheRightUrlWhenClickingOnTheDealersLink -->
  <testcase name="ThePageTitleisCorrect" time="0.001" classname="Citroën.HPCompItTest">
    <skipped/>
  </testcase> <!-- ThePageTitleisCorrect -->
  <testcase name="ThePageTitleBrandisCorrect" time="0.003" classname="Citroën.HPCompItTest">
    <skipped/>
  </testcase> <!-- ThePageTitleBrandisCorrect -->
  <testcase name="ThePeugeotLogoIsDisplayed" time="0.001" classname="Citroën.HPCompItTest">
    <skipped/>
  </testcase> <!-- ThePeugeotLogoIsDisplayed -->
  <testcase name="TheTextUnderThePageTitleIsCorrect" time="0.001" classname="Citroën.HPCompItTest">
    <skipped/>
  </testcase> <!-- TheTextUnderThePageTitleIsCorrect -->
  <testcase name="GotToHomePageWhenClickingOnTheCitënLogo" time="0.001" classname="Citroën.HPCompItTest">
    <skipped/>
  </testcase> <!-- GotToHomePageWhenClickingOnTheCitënLogo -->
  <testcase name="TheFacebookIconeIsPresent" time="0.002" classname="Citroën.HPCompItTest">
    <skipped/>
  </testcase> <!-- TheFacebookIconeIsPresent -->
  <testcase name="GotFacebookPageWhenClickingTheFacebookIcone" time="0.003" classname="Citroën.HPCompItTest">
    <skipped/>
  </testcase> <!-- GotFacebookPageWhenClickingTheFacebookIcone -->
  <testcase name="TheTwiterIconeIsPresent" time="0.004" classname="Citroën.HPCompItTest">
    <skipped/>
  </testcase> <!-- TheTwiterIconeIsPresent -->
  <testcase name="GotTwiterPageWhenClickingTheTwiterIcone" time="0.001" classname="Citroën.HPCompItTest">
    <skipped/>
  </testcase> <!-- GotTwiterPageWhenClickingTheTwiterIcone -->
  <testcase name="TheUserGeneralConditionsTextIsPresent" time="0.0" classname="Citroën.HPCompItTest">
    <skipped/>
  </testcase> <!-- TheUserGeneralConditionsTextIsPresent -->
  <testcase name="GotTheUserGeneralConditionsPDF" time="0.001" classname="Citroën.HPCompItTest">
    <skipped/>
  </testcase> <!-- GotTheUserGeneralConditionsPDF -->
  <testcase name="GotTheCookiesPopUp" time="0.001" classname="Citroën.HPCompItTest">
    <skipped/>
  </testcase> <!-- GotTheCookiesPopUp -->
  <testcase name="TheCookiesTextIsPresent" time="0.001" classname="Citroën.HPCompItTest">
    <skipped/>
  </testcase> <!-- TheCookiesTextIsPresent -->
  <testcase name="TheYoutubeIconeIsPresent" time="0.001" classname="Citroën.HPCompItTest">
    <skipped/>
  </testcase> <!-- TheYoutubeIconeIsPresent -->
  <testcase name="GotYoutubePageWhenClickingTheyoutubeIcone" time="0.002" classname="Citroën.HPCompItTest">
    <skipped/>
  </testcase> <!-- GotYoutubePageWhenClickingTheyoutubeIcone -->
  <testcase name="GotTheRightUrlWhenClickingOnCarConfiguratorLink" time="0.001" classname="Citroën.HPCompItTest">
    <skipped/>
  </testcase> <!-- GotTheRightUrlWhenClickingOnCarConfiguratorLink -->
  <testcase name="GotTheRightUrlWhenClickingOnCarAccessoriesLink" time="0.001" classname="Citroën.HPCompItTest">
    <skipped/>
  </testcase> <!-- GotTheRightUrlWhenClickingOnCarAccessoriesLink -->
  <testcase name="GotTheRightUrlWhenClickingOnUsedCarsLink" time="0.0" classname="Citroën.HPCompItTest">
    <skipped/>
  </testcase> <!-- GotTheRightUrlWhenClickingOnUsedCarsLink -->
  <testcase name="GotTheRightUrlWhenClickingOnWebsotrePaimentLink" time="0.013" classname="Citroën.HPCompItTest">
    <skipped/>
  </testcase> <!-- GotTheRightUrlWhenClickingOnWebsotrePaimentLink -->
  <testcase name="GotTheRightUrlWhenClickingOnTheDealersLink" time="0.001" classname="Citroën.HPCompItTest">
    <skipped/>
  </testcase> <!-- GotTheRightUrlWhenClickingOnTheDealersLink -->
  <testcase name="ThePageTitleisCorrect" time="0.0" classname="Citroën.HPCompESTest">
    <skipped/>
  </testcase> <!-- ThePageTitleisCorrect -->
  <testcase name="ThePageTitleBrandisCorrect" time="0.001" classname="Citroën.HPCompESTest">
    <skipped/>
  </testcase> <!-- ThePageTitleBrandisCorrect -->
  <testcase name="ThePeugeotLogoIsDisplayed" time="0.001" classname="Citroën.HPCompESTest">
    <skipped/>
  </testcase> <!-- ThePeugeotLogoIsDisplayed -->
  <testcase name="TheTextUnderThePageTitleIsCorrect" time="0.001" classname="Citroën.HPCompESTest">
    <skipped/>
  </testcase> <!-- TheTextUnderThePageTitleIsCorrect -->
  <testcase name="GotToHomePageWhenClickingOnTheCitënLogo" time="0.003" classname="Citroën.HPCompESTest">
    <skipped/>
  </testcase> <!-- GotToHomePageWhenClickingOnTheCitënLogo -->
  <testcase name="TheFacebookIconeIsPresent" time="0.001" classname="Citroën.HPCompESTest">
    <skipped/>
  </testcase> <!-- TheFacebookIconeIsPresent -->
  <testcase name="GotFacebookPageWhenClickingTheFacebookIcone" time="0.001" classname="Citroën.HPCompESTest">
    <skipped/>
  </testcase> <!-- GotFacebookPageWhenClickingTheFacebookIcone -->
  <testcase name="TheTwiterIconeIsPresent" time="0.002" classname="Citroën.HPCompESTest">
    <skipped/>
  </testcase> <!-- TheTwiterIconeIsPresent -->
  <testcase name="GotTwiterPageWhenClickingTheTwiterIcone" time="0.001" classname="Citroën.HPCompESTest">
    <skipped/>
  </testcase> <!-- GotTwiterPageWhenClickingTheTwiterIcone -->
  <testcase name="TheUserGeneralConditionsTextIsPresent" time="0.001" classname="Citroën.HPCompESTest">
    <skipped/>
  </testcase> <!-- TheUserGeneralConditionsTextIsPresent -->
  <testcase name="GotTheUserGeneralConditionsPDF" time="0.001" classname="Citroën.HPCompESTest">
    <skipped/>
  </testcase> <!-- GotTheUserGeneralConditionsPDF -->
  <testcase name="GotTheCookiesPopUp" time="0.001" classname="Citroën.HPCompESTest">
    <skipped/>
  </testcase> <!-- GotTheCookiesPopUp -->
  <testcase name="TheCookiesTextIsPresent" time="0.0" classname="Citroën.HPCompESTest">
    <skipped/>
  </testcase> <!-- TheCookiesTextIsPresent -->
  <testcase name="GotTheRightUrlWhenClickingOnCarConfiguratorLink" time="0.001" classname="Citroën.HPCompESTest">
    <skipped/>
  </testcase> <!-- GotTheRightUrlWhenClickingOnCarConfiguratorLink -->
  <testcase name="GotTheRightUrlWhenClickingOnProfessionalCarsLink" time="0.001" classname="Citroën.HPCompESTest">
    <skipped/>
  </testcase> <!-- GotTheRightUrlWhenClickingOnProfessionalCarsLink -->
  <testcase name="GotTheRightUrlWhenClickingPricingLink" time="0.001" classname="Citroën.HPCompESTest">
    <skipped/>
  </testcase> <!-- GotTheRightUrlWhenClickingPricingLink -->
  <testcase name="GotTheRightUrlWhenClickingOnUsedCarsLink" time="0.001" classname="Citroën.HPCompESTest">
    <skipped/>
  </testcase> <!-- GotTheRightUrlWhenClickingOnUsedCarsLink -->
  <testcase name="GotTheRightUrlWhenClickingOnTheDealersLink" time="0.001" classname="Citroën.HPCompESTest">
    <skipped/>
  </testcase> <!-- GotTheRightUrlWhenClickingOnTheDealersLink -->
</testsuite> <!-- CitroënHomePageComponents -->
