<?xml version="1.0" encoding="UTF-8"?>
<!-- Generated by org.testng.reporters.JUnitXMLReporter -->
<testsuite hostname="B1009809" name="DSHomePageComponents" tests="69" failures="0" timestamp="11 Sep 2019 12:19:49 GMT" time="0.147" errors="0">
  <testcase name="@BeforeSuite BeforeTest" time="0.0" classname="Peugeot.HPCompBeFrTest">
    <failure type="org.openqa.selenium.NoSuchWindowException" message="no such window: target window already closed
from unknown error: web view not found
  (Session info: chrome=76.0.3809.132)
Build info: version: &amp;apos;3.9.1&amp;apos;, revision: &amp;apos;63f7b50&amp;apos;, time: &amp;apos;2018-02-07T22:42:28.403Z&amp;apos;
System info: host: &amp;apos;B1009809&amp;apos;, ip: &amp;apos;10.82.56.127&amp;apos;, os.name: &amp;apos;Windows 10&amp;apos;, os.arch: &amp;apos;amd64&amp;apos;, os.version: &amp;apos;10.0&amp;apos;, java.version: &amp;apos;1.8.0_181&amp;apos;
Driver info: org.openqa.selenium.chrome.ChromeDriver
Capabilities {acceptInsecureCerts: false, browserName: chrome, browserVersion: 76.0.3809.132, chrome: {chromedriverVersion: 75.0.3770.90 (a6dcaf7e3ec6f..., userDataDir: C:\Users\E562418\AppData\Lo...}, goog:chromeOptions: {debuggerAddress: localhost:64375}, javascriptEnabled: true, networkConnectionEnabled: false, pageLoadStrategy: normal, platform: XP, platformName: XP, proxy: Proxy(), setWindowRect: true, strictFileInteractability: false, timeouts: {implicit: 0, pageLoad: 300000, script: 30000}, unhandledPromptBehavior: dismiss and notify}
Session ID: 1118e5b84ae721994f84ec05278bc726">
      <![CDATA[org.openqa.selenium.NoSuchWindowException: no such window: target window already closed
from unknown error: web view not found
  (Session info: chrome=76.0.3809.132)
Build info: version: '3.9.1', revision: '63f7b50', time: '2018-02-07T22:42:28.403Z'
System info: host: 'B1009809', ip: '10.82.56.127', os.name: 'Windows 10', os.arch: 'amd64', os.version: '10.0', java.version: '1.8.0_181'
Driver info: org.openqa.selenium.chrome.ChromeDriver
Capabilities {acceptInsecureCerts: false, browserName: chrome, browserVersion: 76.0.3809.132, chrome: {chromedriverVersion: 75.0.3770.90 (a6dcaf7e3ec6f..., userDataDir: C:\Users\E562418\AppData\Lo...}, goog:chromeOptions: {debuggerAddress: localhost:64375}, javascriptEnabled: true, networkConnectionEnabled: false, pageLoadStrategy: normal, platform: XP, platformName: XP, proxy: Proxy(), setWindowRect: true, strictFileInteractability: false, timeouts: {implicit: 0, pageLoad: 300000, script: 30000}, unhandledPromptBehavior: dismiss and notify}
Session ID: 1118e5b84ae721994f84ec05278bc726
	at org.openqa.selenium.remote.http.W3CHttpResponseCodec.createException(W3CHttpResponseCodec.java:187)
	at org.openqa.selenium.remote.http.W3CHttpResponseCodec.decode(W3CHttpResponseCodec.java:122)
	at org.openqa.selenium.remote.http.W3CHttpResponseCodec.decode(W3CHttpResponseCodec.java:49)
	at org.openqa.selenium.remote.HttpCommandExecutor.execute(HttpCommandExecutor.java:160)
	at org.openqa.selenium.remote.service.DriverCommandExecutor.execute(DriverCommandExecutor.java:83)
	at org.openqa.selenium.remote.RemoteWebDriver.execute(RemoteWebDriver.java:601)
	at org.openqa.selenium.remote.RemoteWebDriver.execute(RemoteWebDriver.java:658)
	at org.openqa.selenium.remote.RemoteWebDriver$RemoteWebDriverOptions.deleteAllCookies(RemoteWebDriver.java:743)
	at Citroën.HPCompItTest.BeforeTest(HPCompItTest.java:27)
... Removed 22 stack frames]]>
    </failure>
  </testcase> <!-- @BeforeSuite BeforeTest -->
  <testcase name="@BeforeSuite BeforeTest" time="0.0" classname="Peugeot.HPCompBeFrTest">
    <skipped/>
  </testcase> <!-- @BeforeSuite BeforeTest -->
  <testcase name="@BeforeSuite BeforeTest" time="0.0" classname="Peugeot.HPCompBeFrTest">
    <skipped/>
  </testcase> <!-- @BeforeSuite BeforeTest -->
  <testcase name="@BeforeSuite BeforeTest" time="0.0" classname="Peugeot.HPCompBeFrTest">
    <skipped/>
  </testcase> <!-- @BeforeSuite BeforeTest -->
  <testcase name="ThePageTitleBrandisCorrect" time="0.001" classname="DS.HPCompFrTest">
    <skipped/>
  </testcase> <!-- ThePageTitleBrandisCorrect -->
  <testcase name="ThePageTitleisCorrect" time="0.001" classname="DS.HPCompFrTest">
    <skipped/>
  </testcase> <!-- ThePageTitleisCorrect -->
  <testcase name="ThePeugeotLogoIsDisplayed" time="0.001" classname="DS.HPCompFrTest">
    <skipped/>
  </testcase> <!-- ThePeugeotLogoIsDisplayed -->
  <testcase name="TheTextUnderThePageTitleIsCorrect" time="0.0" classname="DS.HPCompFrTest">
    <skipped/>
  </testcase> <!-- TheTextUnderThePageTitleIsCorrect -->
  <testcase name="GotToHomePageWhenClickingOnTheCitënLogo" time="0.001" classname="DS.HPCompFrTest">
    <skipped/>
  </testcase> <!-- GotToHomePageWhenClickingOnTheCitënLogo -->
  <testcase name="TheFacebookIconeIsPresent" time="0.001" classname="DS.HPCompFrTest">
    <skipped/>
  </testcase> <!-- TheFacebookIconeIsPresent -->
  <testcase name="GotFacebookPageWhenClickingTheFacebookIcone" time="0.001" classname="DS.HPCompFrTest">
    <skipped/>
  </testcase> <!-- GotFacebookPageWhenClickingTheFacebookIcone -->
  <testcase name="TheUserGeneralConditionsTextIsPresent" time="0.001" classname="DS.HPCompFrTest">
    <skipped/>
  </testcase> <!-- TheUserGeneralConditionsTextIsPresent -->
  <testcase name="TheCookiesTextIsPresent" time="0.001" classname="DS.HPCompFrTest">
    <skipped/>
  </testcase> <!-- TheCookiesTextIsPresent -->
  <testcase name="GotTheUserGeneralConditionsPDF" time="0.0" classname="DS.HPCompFrTest">
    <skipped/>
  </testcase> <!-- GotTheUserGeneralConditionsPDF -->
  <testcase name="GotTheCookiesPopUp" time="0.001" classname="DS.HPCompFrTest">
    <skipped/>
  </testcase> <!-- GotTheCookiesPopUp -->
  <testcase name="TheMySaveIconIsDisplayed" time="0.001" classname="DS.HPCompFrTest">
    <skipped/>
  </testcase> <!-- TheMySaveIconIsDisplayed -->
  <testcase name="TheMySaveTextIsDisplayed" time="0.0" classname="DS.HPCompFrTest">
    <skipped/>
  </testcase> <!-- TheMySaveTextIsDisplayed -->
  <testcase name="TheNeedHelpIconeIsDisplayed" time="0.001" classname="DS.HPCompFrTest">
    <skipped/>
  </testcase> <!-- TheNeedHelpIconeIsDisplayed -->
  <testcase name="TheNeedHelpTextIsDisplayed" time="0.0" classname="DS.HPCompFrTest">
    <skipped/>
  </testcase> <!-- TheNeedHelpTextIsDisplayed -->
  <testcase name="GotAPopupWhenClickingOnNeedHelpBotton" time="0.001" classname="DS.HPCompFrTest">
    <skipped/>
  </testcase> <!-- GotAPopupWhenClickingOnNeedHelpBotton -->
  <testcase name="TheTwiterIconeIsPresent" time="0.001" classname="DS.HPCompFrTest">
    <skipped/>
  </testcase> <!-- TheTwiterIconeIsPresent -->
  <testcase name="TheYoutubeIconeIsPresent" time="0.001" classname="DS.HPCompFrTest">
    <skipped/>
  </testcase> <!-- TheYoutubeIconeIsPresent -->
  <testcase name="GotTwiterPageWhenClickingTheTwiterIcone" time="0.001" classname="DS.HPCompFrTest">
    <skipped/>
  </testcase> <!-- GotTwiterPageWhenClickingTheTwiterIcone -->
  <testcase name="GotYoutubePageWhenClickingTheyoutubeIcone" time="0.001" classname="DS.HPCompFrTest">
    <skipped/>
  </testcase> <!-- GotYoutubePageWhenClickingTheyoutubeIcone -->
  <testcase name="TheSellGeneralConditionsTextIsPresent" time="0.0" classname="DS.HPCompFrTest">
    <skipped/>
  </testcase> <!-- TheSellGeneralConditionsTextIsPresent -->
  <testcase name="GotTheSellGeneralConditionsPDF" time="0.001" classname="DS.HPCompFrTest">
    <skipped/>
  </testcase> <!-- GotTheSellGeneralConditionsPDF -->
  <testcase name="GotTheRightUrlWhenClickingOnCarConfiguratorLink" time="0.001" classname="DS.HPCompFrTest">
    <skipped/>
  </testcase> <!-- GotTheRightUrlWhenClickingOnCarConfiguratorLink -->
  <testcase name="GotTheRightUrlWhenClickingOnProfessionalCarsLink" time="0.001" classname="DS.HPCompFrTest">
    <skipped/>
  </testcase> <!-- GotTheRightUrlWhenClickingOnProfessionalCarsLink -->
  <testcase name="GotTheRightUrlWhenClickingOnCarAccessoriesLink" time="0.0" classname="DS.HPCompFrTest">
    <skipped/>
  </testcase> <!-- GotTheRightUrlWhenClickingOnCarAccessoriesLink -->
  <testcase name="GotTheRightUrlWhenClickingOnUsedCarsLink" time="0.001" classname="DS.HPCompFrTest">
    <skipped/>
  </testcase> <!-- GotTheRightUrlWhenClickingOnUsedCarsLink -->
  <testcase name="GotTheRightUrlWhenClickingOnTheOrderStepsLink" time="0.001" classname="DS.HPCompFrTest">
    <skipped/>
  </testcase> <!-- GotTheRightUrlWhenClickingOnTheOrderStepsLink -->
  <testcase name="GotTheRightUrlWhenClickingOnWebsotrePaimentLink" time="0.001" classname="DS.HPCompFrTest">
    <skipped/>
  </testcase> <!-- GotTheRightUrlWhenClickingOnWebsotrePaimentLink -->
  <testcase name="GotTheRightUrlWhenClickingOnTheDelieveryStepsLink" time="0.001" classname="DS.HPCompFrTest">
    <skipped/>
  </testcase> <!-- GotTheRightUrlWhenClickingOnTheDelieveryStepsLink -->
  <testcase name="GotTheRightUrlWhenClickingOnTheFAQLink" time="0.001" classname="DS.HPCompFrTest">
    <skipped/>
  </testcase> <!-- GotTheRightUrlWhenClickingOnTheFAQLink -->
  <testcase name="GotTheRightUrlWhenClickingOnTheDealersLink" time="0.001" classname="DS.HPCompFrTest">
    <skipped/>
  </testcase> <!-- GotTheRightUrlWhenClickingOnTheDealersLink -->
  <testcase name="ThePageTitleisCorrect" time="0.001" classname="DS.HPCompItTest">
    <skipped/>
  </testcase> <!-- ThePageTitleisCorrect -->
  <testcase name="ThePageTitleBrandisCorrect" time="0.001" classname="DS.HPCompItTest">
    <skipped/>
  </testcase> <!-- ThePageTitleBrandisCorrect -->
  <testcase name="ThePeugeotLogoIsDisplayed" time="0.0" classname="DS.HPCompItTest">
    <skipped/>
  </testcase> <!-- ThePeugeotLogoIsDisplayed -->
  <testcase name="TheTextUnderThePageTitleIsCorrect" time="0.004" classname="DS.HPCompItTest">
    <skipped/>
  </testcase> <!-- TheTextUnderThePageTitleIsCorrect -->
  <testcase name="GotToHomePageWhenClickingOnTheCitënLogo" time="0.001" classname="DS.HPCompItTest">
    <skipped/>
  </testcase> <!-- GotToHomePageWhenClickingOnTheCitënLogo -->
  <testcase name="TheFacebookIconeIsPresent" time="0.001" classname="DS.HPCompItTest">
    <skipped/>
  </testcase> <!-- TheFacebookIconeIsPresent -->
  <testcase name="GotFacebookPageWhenClickingTheFacebookIcone" time="0.0" classname="DS.HPCompItTest">
    <skipped/>
  </testcase> <!-- GotFacebookPageWhenClickingTheFacebookIcone -->
  <testcase name="TheUserGeneralConditionsTextIsPresent" time="0.0" classname="DS.HPCompItTest">
    <skipped/>
  </testcase> <!-- TheUserGeneralConditionsTextIsPresent -->
  <testcase name="TheCookiesTextIsPresent" time="0.001" classname="DS.HPCompItTest">
    <skipped/>
  </testcase> <!-- TheCookiesTextIsPresent -->
  <testcase name="GotTheUserGeneralConditionsURLRight" time="0.001" classname="DS.HPCompItTest">
    <skipped/>
  </testcase> <!-- GotTheUserGeneralConditionsURLRight -->
  <testcase name="GotTheUserGeneralConditionsPage" time="0.001" classname="DS.HPCompItTest">
    <skipped/>
  </testcase> <!-- GotTheUserGeneralConditionsPage -->
  <testcase name="GotTheCookiesPopUp" time="0.001" classname="DS.HPCompItTest">
    <skipped/>
  </testcase> <!-- GotTheCookiesPopUp -->
  <testcase name="TheTwiterIconeIsPresent" time="0.001" classname="DS.HPCompItTest">
    <skipped/>
  </testcase> <!-- TheTwiterIconeIsPresent -->
  <testcase name="TheYoutubeIconeIsPresent" time="0.001" classname="DS.HPCompItTest">
    <skipped/>
  </testcase> <!-- TheYoutubeIconeIsPresent -->
  <testcase name="GotTwiterPageWhenClickingTheTwiterIcone" time="0.001" classname="DS.HPCompItTest">
    <skipped/>
  </testcase> <!-- GotTwiterPageWhenClickingTheTwiterIcone -->
  <testcase name="GotYoutubePageWhenClickingTheyoutubeIcone" time="0.001" classname="DS.HPCompItTest">
    <skipped/>
  </testcase> <!-- GotYoutubePageWhenClickingTheyoutubeIcone -->
  <testcase name="GotTheRightUrlWhenClickingOnCarConfiguratorLink" time="0.0" classname="DS.HPCompItTest">
    <skipped/>
  </testcase> <!-- GotTheRightUrlWhenClickingOnCarConfiguratorLink -->
  <testcase name="GotTheRightUrlWhenClickingOnTheDealersLink" time="0.001" classname="DS.HPCompItTest">
    <skipped/>
  </testcase> <!-- GotTheRightUrlWhenClickingOnTheDealersLink -->
  <testcase name="ThePageTitleBrandisCorrect" time="0.001" classname="DS.HPCompESTest">
    <skipped/>
  </testcase> <!-- ThePageTitleBrandisCorrect -->
  <testcase name="ThePageTitleisCorrect" time="0.001" classname="DS.HPCompESTest">
    <skipped/>
  </testcase> <!-- ThePageTitleisCorrect -->
  <testcase name="ThePeugeotLogoIsDisplayed" time="0.001" classname="DS.HPCompESTest">
    <skipped/>
  </testcase> <!-- ThePeugeotLogoIsDisplayed -->
  <testcase name="TheTextUnderThePageTitleIsCorrect" time="0.0" classname="DS.HPCompESTest">
    <skipped/>
  </testcase> <!-- TheTextUnderThePageTitleIsCorrect -->
  <testcase name="GotToHomePageWhenClickingOnTheCitënLogo" time="0.001" classname="DS.HPCompESTest">
    <skipped/>
  </testcase> <!-- GotToHomePageWhenClickingOnTheCitënLogo -->
  <testcase name="TheFacebookIconeIsPresent" time="0.0" classname="DS.HPCompESTest">
    <skipped/>
  </testcase> <!-- TheFacebookIconeIsPresent -->
  <testcase name="GotFacebookPageWhenClickingTheFacebookIcone" time="0.001" classname="DS.HPCompESTest">
    <skipped/>
  </testcase> <!-- GotFacebookPageWhenClickingTheFacebookIcone -->
  <testcase name="TheUserGeneralConditionsTextIsPresent" time="0.0" classname="DS.HPCompESTest">
    <skipped/>
  </testcase> <!-- TheUserGeneralConditionsTextIsPresent -->
  <testcase name="TheCookiesTextIsPresent" time="0.001" classname="DS.HPCompESTest">
    <skipped/>
  </testcase> <!-- TheCookiesTextIsPresent -->
  <testcase name="GotTheUserGeneralConditionsPDF" time="0.0" classname="DS.HPCompESTest">
    <skipped/>
  </testcase> <!-- GotTheUserGeneralConditionsPDF -->
  <testcase name="GotTheUserGeneralConditionsPage" time="0.001" classname="DS.HPCompESTest">
    <skipped/>
  </testcase> <!-- GotTheUserGeneralConditionsPage -->
  <testcase name="GotTheCookiesPopUp" time="0.001" classname="DS.HPCompESTest">
    <skipped/>
  </testcase> <!-- GotTheCookiesPopUp -->
  <testcase name="TheTwiterIconeIsPresent" time="0.001" classname="DS.HPCompESTest">
    <skipped/>
  </testcase> <!-- TheTwiterIconeIsPresent -->
  <testcase name="TheYoutubeIconeIsPresent" time="0.0" classname="DS.HPCompESTest">
    <skipped/>
  </testcase> <!-- TheYoutubeIconeIsPresent -->
  <testcase name="GotTwiterPageWhenClickingTheTwiterIcone" time="0.001" classname="DS.HPCompESTest">
    <skipped/>
  </testcase> <!-- GotTwiterPageWhenClickingTheTwiterIcone -->
  <testcase name="GotYoutubePageWhenClickingTheyoutubeIcone" time="0.001" classname="DS.HPCompESTest">
    <skipped/>
  </testcase> <!-- GotYoutubePageWhenClickingTheyoutubeIcone -->
  <testcase name="GotTheRightUrlWhenClickingOnCarConfiguratorLink" time="0.0" classname="DS.HPCompESTest">
    <skipped/>
  </testcase> <!-- GotTheRightUrlWhenClickingOnCarConfiguratorLink -->
  <testcase name="GotTheRightUrlWhenClickingOnCarAccessoriesLink" time="0.001" classname="DS.HPCompESTest">
    <skipped/>
  </testcase> <!-- GotTheRightUrlWhenClickingOnCarAccessoriesLink -->
  <testcase name="GotTheRightUrlWhenClickingOnUsedCarsLink" time="0.0" classname="DS.HPCompESTest">
    <skipped/>
  </testcase> <!-- GotTheRightUrlWhenClickingOnUsedCarsLink -->
  <testcase name="GotTheRightUrlWhenClickingOnTheDealersLink" time="0.001" classname="DS.HPCompESTest">
    <skipped/>
  </testcase> <!-- GotTheRightUrlWhenClickingOnTheDealersLink -->
</testsuite> <!-- DSHomePageComponents -->
