<?xml version="1.0" encoding="UTF-8"?>
<!-- Generated by org.testng.reporters.JUnitXMLReporter -->
<testsuite hostname="B1009809" name="PeugeotHomePageComponents" tests="88" failures="0" timestamp="11 Sep 2019 12:19:48 GMT" time="0.349" errors="0">
  <testcase name="ThePageTitleisCorrect" time="0.002" classname="Peugeot.HPCompFrTest">
    <skipped/>
  </testcase> <!-- ThePageTitleisCorrect -->
  <testcase name="ThePeugeotLogoIsDisplayed" time="0.003" classname="Peugeot.HPCompFrTest">
    <skipped/>
  </testcase> <!-- ThePeugeotLogoIsDisplayed -->
  <testcase name="TheTextUnderThePageTitleIsCorrect" time="0.002" classname="Peugeot.HPCompFrTest">
    <skipped/>
  </testcase> <!-- TheTextUnderThePageTitleIsCorrect -->
  <testcase name="GotToHomePageWhenClickingOnThePeugeotLogo" time="0.002" classname="Peugeot.HPCompFrTest">
    <skipped/>
  </testcase> <!-- GotToHomePageWhenClickingOnThePeugeotLogo -->
  <testcase name="TheFacebookIconeIsPresent" time="0.001" classname="Peugeot.HPCompFrTest">
    <skipped/>
  </testcase> <!-- TheFacebookIconeIsPresent -->
  <testcase name="GotFacebookPageWhenClickingTheFacebookIcone" time="0.001" classname="Peugeot.HPCompFrTest">
    <skipped/>
  </testcase> <!-- GotFacebookPageWhenClickingTheFacebookIcone -->
  <testcase name="TheUserGeneralConditionsTextIsPresent" time="0.001" classname="Peugeot.HPCompFrTest">
    <skipped/>
  </testcase> <!-- TheUserGeneralConditionsTextIsPresent -->
  <testcase name="TheCookiesTextIsPresent" time="0.001" classname="Peugeot.HPCompFrTest">
    <skipped/>
  </testcase> <!-- TheCookiesTextIsPresent -->
  <testcase name="GotTheUserGeneralConditionsPDF" time="0.002" classname="Peugeot.HPCompFrTest">
    <skipped/>
  </testcase> <!-- GotTheUserGeneralConditionsPDF -->
  <testcase name="GotTheCookiesPopUp" time="0.001" classname="Peugeot.HPCompFrTest">
    <skipped/>
  </testcase> <!-- GotTheCookiesPopUp -->
  <testcase name="TheMySaveIconIsDisplayed" time="0.001" classname="Peugeot.HPCompFrTest">
    <skipped/>
  </testcase> <!-- TheMySaveIconIsDisplayed -->
  <testcase name="TheMySaveTextIsDisplayed" time="0.001" classname="Peugeot.HPCompFrTest">
    <skipped/>
  </testcase> <!-- TheMySaveTextIsDisplayed -->
  <testcase name="TheNeedHelpIconeIsDisplayed" time="0.001" classname="Peugeot.HPCompFrTest">
    <skipped/>
  </testcase> <!-- TheNeedHelpIconeIsDisplayed -->
  <testcase name="TheNeedHelpTextIsDisplayed" time="0.002" classname="Peugeot.HPCompFrTest">
    <skipped/>
  </testcase> <!-- TheNeedHelpTextIsDisplayed -->
  <testcase name="GotAPopupWhenClickingOnNeedHelpBotton" time="0.003" classname="Peugeot.HPCompFrTest">
    <skipped/>
  </testcase> <!-- GotAPopupWhenClickingOnNeedHelpBotton -->
  <testcase name="TheTwiterIconeIsPresent" time="0.001" classname="Peugeot.HPCompFrTest">
    <skipped/>
  </testcase> <!-- TheTwiterIconeIsPresent -->
  <testcase name="TheYoutubeIconeIsPresent" time="0.002" classname="Peugeot.HPCompFrTest">
    <skipped/>
  </testcase> <!-- TheYoutubeIconeIsPresent -->
  <testcase name="GotTwiterPageWhenClickingTheTwiterIcone" time="0.001" classname="Peugeot.HPCompFrTest">
    <skipped/>
  </testcase> <!-- GotTwiterPageWhenClickingTheTwiterIcone -->
  <testcase name="GotYoutubePageWhenClickingTheyoutubeIcone" time="0.001" classname="Peugeot.HPCompFrTest">
    <skipped/>
  </testcase> <!-- GotYoutubePageWhenClickingTheyoutubeIcone -->
  <testcase name="TheSellGeneralConditionsTextIsPresent" time="0.002" classname="Peugeot.HPCompFrTest">
    <skipped/>
  </testcase> <!-- TheSellGeneralConditionsTextIsPresent -->
  <testcase name="GotTheSellGeneralConditionsPDF" time="0.001" classname="Peugeot.HPCompFrTest">
    <skipped/>
  </testcase> <!-- GotTheSellGeneralConditionsPDF -->
  <testcase name="GotTheRightUrlWhenClickingOnCarConfiguratorLink" time="0.001" classname="Peugeot.HPCompFrTest">
    <skipped/>
  </testcase> <!-- GotTheRightUrlWhenClickingOnCarConfiguratorLink -->
  <testcase name="GotTheRightUrlWhenClickingOnProfessionalCarsLink" time="0.001" classname="Peugeot.HPCompFrTest">
    <skipped/>
  </testcase> <!-- GotTheRightUrlWhenClickingOnProfessionalCarsLink -->
  <testcase name="GotTheRightUrlWhenClickingOnCarAccessoriesLink" time="0.002" classname="Peugeot.HPCompFrTest">
    <skipped/>
  </testcase> <!-- GotTheRightUrlWhenClickingOnCarAccessoriesLink -->
  <testcase name="GotTheRightUrlWhenClickingOnUsedCarsLink" time="0.001" classname="Peugeot.HPCompFrTest">
    <skipped/>
  </testcase> <!-- GotTheRightUrlWhenClickingOnUsedCarsLink -->
  <testcase name="GotTheRightUrlWhenClickingOnTheOrderStepsLink" time="0.002" classname="Peugeot.HPCompFrTest">
    <skipped/>
  </testcase> <!-- GotTheRightUrlWhenClickingOnTheOrderStepsLink -->
  <testcase name="GotTheRightUrlWhenClickingOnWebsotrePaimentLink" time="0.001" classname="Peugeot.HPCompFrTest">
    <skipped/>
  </testcase> <!-- GotTheRightUrlWhenClickingOnWebsotrePaimentLink -->
  <testcase name="GotTheRightUrlWhenClickingOnTheDelieveryStepsLink" time="0.001" classname="Peugeot.HPCompFrTest">
    <skipped/>
  </testcase> <!-- GotTheRightUrlWhenClickingOnTheDelieveryStepsLink -->
  <testcase name="GotTheRightUrlWhenClickingOnTheFAQLink" time="0.001" classname="Peugeot.HPCompFrTest">
    <skipped/>
  </testcase> <!-- GotTheRightUrlWhenClickingOnTheFAQLink -->
  <testcase name="GotTheRightUrlWhenClickingOnTheDealersLink" time="0.005" classname="Peugeot.HPCompFrTest">
    <skipped/>
  </testcase> <!-- GotTheRightUrlWhenClickingOnTheDealersLink -->
  <testcase name="ThePeugeotLogoIsDisplayed" time="0.002" classname="Peugeot.HPCompItTest">
    <skipped/>
  </testcase> <!-- ThePeugeotLogoIsDisplayed -->
  <testcase name="TheTextUnderThePageTitleIsCorrect" time="0.001" classname="Peugeot.HPCompItTest">
    <skipped/>
  </testcase> <!-- TheTextUnderThePageTitleIsCorrect -->
  <testcase name="GotToHomePageWhenClickingOnThePeugeotLogo" time="0.002" classname="Peugeot.HPCompItTest">
    <skipped/>
  </testcase> <!-- GotToHomePageWhenClickingOnThePeugeotLogo -->
  <testcase name="TheTwiterIconeIsPresent" time="0.001" classname="Peugeot.HPCompItTest">
    <skipped/>
  </testcase> <!-- TheTwiterIconeIsPresent -->
  <testcase name="TheFacebookIconeIsPresent" time="0.0" classname="Peugeot.HPCompItTest">
    <skipped/>
  </testcase> <!-- TheFacebookIconeIsPresent -->
  <testcase name="TheYoutubeIconeIsPresent" time="0.001" classname="Peugeot.HPCompItTest">
    <skipped/>
  </testcase> <!-- TheYoutubeIconeIsPresent -->
  <testcase name="GotTwiterPageWhenClickingTheTwiterIcone" time="0.001" classname="Peugeot.HPCompItTest">
    <skipped/>
  </testcase> <!-- GotTwiterPageWhenClickingTheTwiterIcone -->
  <testcase name="GotFacebookPageWhenClickingTheFacebookIcone" time="0.001" classname="Peugeot.HPCompItTest">
    <skipped/>
  </testcase> <!-- GotFacebookPageWhenClickingTheFacebookIcone -->
  <testcase name="GotYoutubePageWhenClickingTheyoutubeIcone" time="0.001" classname="Peugeot.HPCompItTest">
    <skipped/>
  </testcase> <!-- GotYoutubePageWhenClickingTheyoutubeIcone -->
  <testcase name="TheUserGeneralConditionsTextIsPresent" time="0.001" classname="Peugeot.HPCompItTest">
    <skipped/>
  </testcase> <!-- TheUserGeneralConditionsTextIsPresent -->
  <testcase name="TheCookiesTextIsPresent" time="0.001" classname="Peugeot.HPCompItTest">
    <skipped/>
  </testcase> <!-- TheCookiesTextIsPresent -->
  <testcase name="GotTheGeneralInformationPage" time="0.002" classname="Peugeot.HPCompItTest">
    <skipped/>
  </testcase> <!-- GotTheGeneralInformationPage -->
  <testcase name="GotTheCookiesPopUp" time="0.001" classname="Peugeot.HPCompItTest">
    <skipped/>
  </testcase> <!-- GotTheCookiesPopUp -->
  <testcase name="GotTheRightUrlWhenClickingOnCarConfiguratorLink" time="0.002" classname="Peugeot.HPCompItTest">
    <skipped/>
  </testcase> <!-- GotTheRightUrlWhenClickingOnCarConfiguratorLink -->
  <testcase name="GotTheRightUrlWhenClickingOnProfessionalCarsLink" time="0.002" classname="Peugeot.HPCompItTest">
    <skipped/>
  </testcase> <!-- GotTheRightUrlWhenClickingOnProfessionalCarsLink -->
  <testcase name="GotTheRightUrlWhenClickingOnCarAccessoriesLink" time="0.001" classname="Peugeot.HPCompItTest">
    <skipped/>
  </testcase> <!-- GotTheRightUrlWhenClickingOnCarAccessoriesLink -->
  <testcase name="GotTheRightUrlWhenClickingOnUsedCarsLink" time="0.001" classname="Peugeot.HPCompItTest">
    <skipped/>
  </testcase> <!-- GotTheRightUrlWhenClickingOnUsedCarsLink -->
  <testcase name="GotTheRightUrlWhenClickingOnTheDealersLink" time="0.001" classname="Peugeot.HPCompItTest">
    <skipped/>
  </testcase> <!-- GotTheRightUrlWhenClickingOnTheDealersLink -->
  <testcase name="ThePeugeotLogoIsDisplayed" time="0.001" classname="Peugeot.HPCompESTest">
    <skipped/>
  </testcase> <!-- ThePeugeotLogoIsDisplayed -->
  <testcase name="TheTextUnderThePageTitleIsCorrect" time="0.002" classname="Peugeot.HPCompESTest">
    <skipped/>
  </testcase> <!-- TheTextUnderThePageTitleIsCorrect -->
  <testcase name="GotToHomePageWhenClickingOnThePeugeotLogo" time="0.043" classname="Peugeot.HPCompESTest">
    <skipped/>
  </testcase> <!-- GotToHomePageWhenClickingOnThePeugeotLogo -->
  <testcase name="TheFacebookIconeIsPresent" time="0.001" classname="Peugeot.HPCompESTest">
    <skipped/>
  </testcase> <!-- TheFacebookIconeIsPresent -->
  <testcase name="GotFacebookPageWhenClickingTheFacebookIcone" time="0.002" classname="Peugeot.HPCompESTest">
    <skipped/>
  </testcase> <!-- GotFacebookPageWhenClickingTheFacebookIcone -->
  <testcase name="TheUserGeneralConditionsTextIsPresent" time="0.001" classname="Peugeot.HPCompESTest">
    <skipped/>
  </testcase> <!-- TheUserGeneralConditionsTextIsPresent -->
  <testcase name="TheCookiesTextIsPresent" time="0.001" classname="Peugeot.HPCompESTest">
    <skipped/>
  </testcase> <!-- TheCookiesTextIsPresent -->
  <testcase name="GotTheUserGeneralConditionsPage" time="0.001" classname="Peugeot.HPCompESTest">
    <skipped/>
  </testcase> <!-- GotTheUserGeneralConditionsPage -->
  <testcase name="GotTheCookiesPopUp" time="0.001" classname="Peugeot.HPCompESTest">
    <skipped/>
  </testcase> <!-- GotTheCookiesPopUp -->
  <testcase name="GotTheRightUrlWhenClickingOnProfessionalCarsLink" time="0.002" classname="Peugeot.HPCompESTest">
    <skipped/>
  </testcase> <!-- GotTheRightUrlWhenClickingOnProfessionalCarsLink -->
  <testcase name="GotTheRightUrlWhenClickingOnUsedCarsLink" time="0.0" classname="Peugeot.HPCompESTest">
    <skipped/>
  </testcase> <!-- GotTheRightUrlWhenClickingOnUsedCarsLink -->
  <testcase name="GotTheRightUrlWhenClickingOnTheDealersLink" time="0.001" classname="Peugeot.HPCompESTest">
    <skipped/>
  </testcase> <!-- GotTheRightUrlWhenClickingOnTheDealersLink -->
  <testcase name="ThePeugeotLogoIsDisplayed" time="0.001" classname="Peugeot.HPCompBeFrTest">
    <skipped/>
  </testcase> <!-- ThePeugeotLogoIsDisplayed -->
  <testcase name="TheTextUnderThePageTitleIsCorrect" time="0.001" classname="Peugeot.HPCompBeFrTest">
    <skipped/>
  </testcase> <!-- TheTextUnderThePageTitleIsCorrect -->
  <testcase name="GotToHomePageWhenClickingOnThePeugeotLogo" time="0.001" classname="Peugeot.HPCompBeFrTest">
    <skipped/>
  </testcase> <!-- GotToHomePageWhenClickingOnThePeugeotLogo -->
  <testcase name="TheFacebookIconeIsPresent" time="0.001" classname="Peugeot.HPCompBeFrTest">
    <skipped/>
  </testcase> <!-- TheFacebookIconeIsPresent -->
  <testcase name="TheYoutubeIconeIsPresent" time="0.001" classname="Peugeot.HPCompBeFrTest">
    <skipped/>
  </testcase> <!-- TheYoutubeIconeIsPresent -->
  <testcase name="GotFacebookPageWhenClickingTheFacebookIcone" time="0.001" classname="Peugeot.HPCompBeFrTest">
    <skipped/>
  </testcase> <!-- GotFacebookPageWhenClickingTheFacebookIcone -->
  <testcase name="GotYoutubePageWhenClickingTheyoutubeIcone" time="0.001" classname="Peugeot.HPCompBeFrTest">
    <skipped/>
  </testcase> <!-- GotYoutubePageWhenClickingTheyoutubeIcone -->
  <testcase name="TheUserGeneralConditionsTextIsPresent" time="0.001" classname="Peugeot.HPCompBeFrTest">
    <skipped/>
  </testcase> <!-- TheUserGeneralConditionsTextIsPresent -->
  <testcase name="TheCookiesTextIsPresent" time="0.001" classname="Peugeot.HPCompBeFrTest">
    <skipped/>
  </testcase> <!-- TheCookiesTextIsPresent -->
  <testcase name="GotTheUserGeneralConditionsPage" time="0.002" classname="Peugeot.HPCompBeFrTest">
    <skipped/>
  </testcase> <!-- GotTheUserGeneralConditionsPage -->
  <testcase name="GotTheCookiesPopUp" time="0.001" classname="Peugeot.HPCompBeFrTest">
    <skipped/>
  </testcase> <!-- GotTheCookiesPopUp -->
  <testcase name="GotTheRightUrlWhenClickingOnCarConfiguratorLink" time="0.001" classname="Peugeot.HPCompBeFrTest">
    <skipped/>
  </testcase> <!-- GotTheRightUrlWhenClickingOnCarConfiguratorLink -->
  <testcase name="GotTheRightUrlWhenClickingOnCarAccessoriesLink" time="0.003" classname="Peugeot.HPCompBeFrTest">
    <skipped/>
  </testcase> <!-- GotTheRightUrlWhenClickingOnCarAccessoriesLink -->
  <testcase name="GotTheRightUrlWhenClickingOnUsedCarsLink" time="0.001" classname="Peugeot.HPCompBeFrTest">
    <skipped/>
  </testcase> <!-- GotTheRightUrlWhenClickingOnUsedCarsLink -->
  <testcase name="GotTheRightUrlWhenClickingOnTheDealersLink" time="0.001" classname="Peugeot.HPCompBeFrTest">
    <skipped/>
  </testcase> <!-- GotTheRightUrlWhenClickingOnTheDealersLink -->
  <testcase name="ThePageTitleisCorrect" time="0.001" classname="Peugeot.HPCompBeNlTest">
    <skipped/>
  </testcase> <!-- ThePageTitleisCorrect -->
  <testcase name="ThePeugeotLogoIsDisplayed" time="0.001" classname="Peugeot.HPCompBeNlTest">
    <skipped/>
  </testcase> <!-- ThePeugeotLogoIsDisplayed -->
  <testcase name="TheTextUnderThePageTitleIsCorrect" time="0.001" classname="Peugeot.HPCompBeNlTest">
    <skipped/>
  </testcase> <!-- TheTextUnderThePageTitleIsCorrect -->
  <testcase name="GotToHomePageWhenClickingOnThePeugeotLogo" time="0.001" classname="Peugeot.HPCompBeNlTest">
    <skipped/>
  </testcase> <!-- GotToHomePageWhenClickingOnThePeugeotLogo -->
  <testcase name="TheYoutubeIconeIsPresent" time="0.001" classname="Peugeot.HPCompBeNlTest">
    <skipped/>
  </testcase> <!-- TheYoutubeIconeIsPresent -->
  <testcase name="GotYoutubePageWhenClickingTheyoutubeIcone" time="0.001" classname="Peugeot.HPCompBeNlTest">
    <skipped/>
  </testcase> <!-- GotYoutubePageWhenClickingTheyoutubeIcone -->
  <testcase name="TheUserGeneralConditionsTextIsPresent" time="0.0" classname="Peugeot.HPCompBeNlTest">
    <skipped/>
  </testcase> <!-- TheUserGeneralConditionsTextIsPresent -->
  <testcase name="GotTheUserGeneralConditionsPage" time="0.001" classname="Peugeot.HPCompBeNlTest">
    <skipped/>
  </testcase> <!-- GotTheUserGeneralConditionsPage -->
  <testcase name="GotTheRightUrlWhenClickingOnCarConfiguratorLink" time="0.001" classname="Peugeot.HPCompBeNlTest">
    <skipped/>
  </testcase> <!-- GotTheRightUrlWhenClickingOnCarConfiguratorLink -->
  <testcase name="GotTheRightUrlWhenClickingOnCarAccessoriesLink" time="0.001" classname="Peugeot.HPCompBeNlTest">
    <skipped/>
  </testcase> <!-- GotTheRightUrlWhenClickingOnCarAccessoriesLink -->
  <testcase name="GotTheRightUrlWhenClickingOnUsedCarsLink" time="0.001" classname="Peugeot.HPCompBeNlTest">
    <skipped/>
  </testcase> <!-- GotTheRightUrlWhenClickingOnUsedCarsLink -->
  <testcase name="GotTheRightUrlWhenClickingOnTheFAQLink" time="0.002" classname="Peugeot.HPCompBeNlTest">
    <skipped/>
  </testcase> <!-- GotTheRightUrlWhenClickingOnTheFAQLink -->
  <testcase name="GotTheRightUrlWhenClickingOnTheDealersLink" time="0.001" classname="Peugeot.HPCompBeNlTest">
    <skipped/>
  </testcase> <!-- GotTheRightUrlWhenClickingOnTheDealersLink -->
</testsuite> <!-- PeugeotHomePageComponents -->
