<?xml version="1.0" encoding="UTF-8"?>
<!-- Generated by org.testng.reporters.JUnitReportReporter -->
<testsuite hostname="B1009809" name="Citroën.HPCompESTest" tests="18" failures="0" timestamp="11 Oct 2019 09:37:20 GMT" time="0.055" errors="18">
  <testcase name="TheTwiterIconeIsPresent" time="0.001" classname="Citroën.HPCompESTest">
    <error type="org.openqa.selenium.SessionNotCreatedException" message="session not created
from disconnected: received Inspector.detached event
  (Session info: chrome=77.0.3865.90)
Build info: version: &#039;3.9.1&#039;, revision: &#039;63f7b50&#039;, time: &#039;2018-02-07T22:42:28.403Z&#039;
System info: host: &#039;B1009809&#039;, ip: &#039;10.82.56.188&#039;, os.name: &#039;Windows 10&#039;, os.arch: &#039;amd64&#039;, os.version: &#039;10.0&#039;, java.version: &#039;1.8.0_181&#039;
Driver info: driver.version: ChromeDriver
remote stacktrace: Backtrace:
	Ordinal0 [0x0116EB13+1501971]
	Ordinal0 [0x010EF6D1+980689]
	Ordinal0 [0x0107765F+489055]
	Ordinal0 [0x010702B5+459445]
	Ordinal0 [0x0106FEA4+458404]
	Ordinal0 [0x0106FA1D+457245]
	Ordinal0 [0x0106F21D+455197]
	Ordinal0 [0x0106EDE4+454116]
	Ordinal0 [0x0106EDA5+454053]
	Ordinal0 [0x010736A9+472745]
	Ordinal0 [0x0106ED5C+453980]
	Ordinal0 [0x0106F6D1+456401]
	Ordinal0 [0x0106F21D+455197]
	Ordinal0 [0x0106EDE4+454116]
	Ordinal0 [0x0106EDA5+454053]
	Ordinal0 [0x01072C67+470119]
	Ordinal0 [0x0106ED5C+453980]
	Ordinal0 [0x0106F6D1+456401]
	Ordinal0 [0x0106F21D+455197]
	Ordinal0 [0x0106EDE4+454116]
	Ordinal0 [0x0106EDA5+454053]
	Ordinal0 [0x0106BA0C+440844]
	Ordinal0 [0x0106ED5C+453980]
	Ordinal0 [0x0106EC44+453700]
	Ordinal0 [0x01078330+492336]
	Ordinal0 [0x0102A108+172296]
	Ordinal0 [0x0102942D+169005]
	Ordinal0 [0x010278EB+162027]
	Ordinal0 [0x01010AC7+68295]
	Ordinal0 [0x01011B40+72512]
	Ordinal0 [0x01011AD9+72409]
	Ordinal0 [0x01108F37+1085239]
	GetHandleVerifier [0x0120D7ED+503293]
	GetHandleVerifier [0x0120D580+502672]
	GetHandleVerifier [0x012146AC+531644]
	GetHandleVerifier [0x0120DFFA+505354]
	Ordinal0 [0x01100606+1050118]
	Ordinal0 [0x0110047F+1049727]
	Ordinal0 [0x0110AF9B+1093531]
	Ordinal0 [0x0110B103+1093891]
	Ordinal0 [0x0110A095+1089685]
	BaseThreadInitThunk [0x76AB62C4+36]
	RtlSubscribeWnfStateChangeNotification [0x77481F69+1081]
	RtlSubscribeWnfStateChangeNotification [0x77481F34+1028]
">
      <![CDATA[org.openqa.selenium.SessionNotCreatedException: session not created
from disconnected: received Inspector.detached event
  (Session info: chrome=77.0.3865.90)
Build info: version: '3.9.1', revision: '63f7b50', time: '2018-02-07T22:42:28.403Z'
System info: host: 'B1009809', ip: '10.82.56.188', os.name: 'Windows 10', os.arch: 'amd64', os.version: '10.0', java.version: '1.8.0_181'
Driver info: driver.version: ChromeDriver
remote stacktrace: Backtrace:
	Ordinal0 [0x0116EB13+1501971]
	Ordinal0 [0x010EF6D1+980689]
	Ordinal0 [0x0107765F+489055]
	Ordinal0 [0x010702B5+459445]
	Ordinal0 [0x0106FEA4+458404]
	Ordinal0 [0x0106FA1D+457245]
	Ordinal0 [0x0106F21D+455197]
	Ordinal0 [0x0106EDE4+454116]
	Ordinal0 [0x0106EDA5+454053]
	Ordinal0 [0x010736A9+472745]
	Ordinal0 [0x0106ED5C+453980]
	Ordinal0 [0x0106F6D1+456401]
	Ordinal0 [0x0106F21D+455197]
	Ordinal0 [0x0106EDE4+454116]
	Ordinal0 [0x0106EDA5+454053]
	Ordinal0 [0x01072C67+470119]
	Ordinal0 [0x0106ED5C+453980]
	Ordinal0 [0x0106F6D1+456401]
	Ordinal0 [0x0106F21D+455197]
	Ordinal0 [0x0106EDE4+454116]
	Ordinal0 [0x0106EDA5+454053]
	Ordinal0 [0x0106BA0C+440844]
	Ordinal0 [0x0106ED5C+453980]
	Ordinal0 [0x0106EC44+453700]
	Ordinal0 [0x01078330+492336]
	Ordinal0 [0x0102A108+172296]
	Ordinal0 [0x0102942D+169005]
	Ordinal0 [0x010278EB+162027]
	Ordinal0 [0x01010AC7+68295]
	Ordinal0 [0x01011B40+72512]
	Ordinal0 [0x01011AD9+72409]
	Ordinal0 [0x01108F37+1085239]
	GetHandleVerifier [0x0120D7ED+503293]
	GetHandleVerifier [0x0120D580+502672]
	GetHandleVerifier [0x012146AC+531644]
	GetHandleVerifier [0x0120DFFA+505354]
	Ordinal0 [0x01100606+1050118]
	Ordinal0 [0x0110047F+1049727]
	Ordinal0 [0x0110AF9B+1093531]
	Ordinal0 [0x0110B103+1093891]
	Ordinal0 [0x0110A095+1089685]
	BaseThreadInitThunk [0x76AB62C4+36]
	RtlSubscribeWnfStateChangeNotification [0x77481F69+1081]
	RtlSubscribeWnfStateChangeNotification [0x77481F34+1028]

	at sun.reflect.NativeConstructorAccessorImpl.newInstance0(Native Method)
	at sun.reflect.NativeConstructorAccessorImpl.newInstance(NativeConstructorAccessorImpl.java:62)
	at sun.reflect.DelegatingConstructorAccessorImpl.newInstance(DelegatingConstructorAccessorImpl.java:45)
	at java.lang.reflect.Constructor.newInstance(Constructor.java:423)
	at org.openqa.selenium.remote.W3CHandshakeResponse.lambda$new$0(W3CHandshakeResponse.java:57)
	at org.openqa.selenium.remote.W3CHandshakeResponse.lambda$getResponseFunction$2(W3CHandshakeResponse.java:104)
	at org.openqa.selenium.remote.ProtocolHandshake.lambda$createSession$0(ProtocolHandshake.java:123)
	at java.util.stream.ReferencePipeline$3$1.accept(ReferencePipeline.java:193)
	at java.util.Spliterators$ArraySpliterator.tryAdvance(Spliterators.java:958)
	at java.util.stream.ReferencePipeline.forEachWithCancel(ReferencePipeline.java:126)
	at java.util.stream.AbstractPipeline.copyIntoWithCancel(AbstractPipeline.java:498)
	at java.util.stream.AbstractPipeline.copyInto(AbstractPipeline.java:485)
	at java.util.stream.AbstractPipeline.wrapAndCopyInto(AbstractPipeline.java:471)
	at java.util.stream.FindOps$FindOp.evaluateSequential(FindOps.java:152)
	at java.util.stream.AbstractPipeline.evaluate(AbstractPipeline.java:234)
	at java.util.stream.ReferencePipeline.findFirst(ReferencePipeline.java:464)
	at org.openqa.selenium.remote.ProtocolHandshake.createSession(ProtocolHandshake.java:126)
	at org.openqa.selenium.remote.ProtocolHandshake.createSession(ProtocolHandshake.java:73)
	at org.openqa.selenium.remote.HttpCommandExecutor.execute(HttpCommandExecutor.java:138)
	at org.openqa.selenium.remote.service.DriverCommandExecutor.execute(DriverCommandExecutor.java:83)
	at org.openqa.selenium.remote.RemoteWebDriver.execute(RemoteWebDriver.java:601)
	at org.openqa.selenium.remote.RemoteWebDriver.startSession(RemoteWebDriver.java:219)
	at org.openqa.selenium.remote.RemoteWebDriver.<init>(RemoteWebDriver.java:142)
	at org.openqa.selenium.chrome.ChromeDriver.<init>(ChromeDriver.java:181)
	at org.openqa.selenium.chrome.ChromeDriver.<init>(ChromeDriver.java:147)
	at Utilities.InitialiseDrivers.InitialiseChromDriver(InitialiseDrivers.java:24)
	at Citroën.HPCompESTest.BeforeTest(HPCompESTest.java:26)
	at sun.reflect.NativeMethodAccessorImpl.invoke0(Native Method)
	at sun.reflect.NativeMethodAccessorImpl.invoke(NativeMethodAccessorImpl.java:62)
	at sun.reflect.DelegatingMethodAccessorImpl.invoke(DelegatingMethodAccessorImpl.java:43)
	at java.lang.reflect.Method.invoke(Method.java:498)
	at org.testng.internal.MethodInvocationHelper.invokeMethod(MethodInvocationHelper.java:86)
	at org.testng.internal.Invoker.invokeConfigurationMethod(Invoker.java:514)
	at org.testng.internal.Invoker.invokeConfigurations(Invoker.java:215)
	at org.testng.internal.Invoker.invokeConfigurations(Invoker.java:142)
	at org.testng.SuiteRunner.privateRun(SuiteRunner.java:305)
	at org.testng.SuiteRunner.run(SuiteRunner.java:268)
	at org.testng.SuiteRunnerWorker.runSuite(SuiteRunnerWorker.java:52)
	at org.testng.SuiteRunnerWorker.run(SuiteRunnerWorker.java:86)
	at org.testng.TestNG.runSuitesSequentially(TestNG.java:1244)
	at org.testng.TestNG.runSuitesLocally(TestNG.java:1169)
	at org.testng.TestNG.run(TestNG.java:1064)
	at org.testng.remote.AbstractRemoteTestNG.run(AbstractRemoteTestNG.java:114)
	at org.testng.remote.RemoteTestNG.initAndRun(RemoteTestNG.java:251)
	at org.testng.remote.RemoteTestNG.main(RemoteTestNG.java:77)
]]>
    </error>
  </testcase> <!-- TheTwiterIconeIsPresent -->
  <testcase name="GotTwiterPageWhenClickingTheTwiterIcone" time="0.002" classname="Citroën.HPCompESTest">
    <error type="org.openqa.selenium.SessionNotCreatedException" message="session not created
from disconnected: received Inspector.detached event
  (Session info: chrome=77.0.3865.90)
Build info: version: &#039;3.9.1&#039;, revision: &#039;63f7b50&#039;, time: &#039;2018-02-07T22:42:28.403Z&#039;
System info: host: &#039;B1009809&#039;, ip: &#039;10.82.56.188&#039;, os.name: &#039;Windows 10&#039;, os.arch: &#039;amd64&#039;, os.version: &#039;10.0&#039;, java.version: &#039;1.8.0_181&#039;
Driver info: driver.version: ChromeDriver
remote stacktrace: Backtrace:
	Ordinal0 [0x0116EB13+1501971]
	Ordinal0 [0x010EF6D1+980689]
	Ordinal0 [0x0107765F+489055]
	Ordinal0 [0x010702B5+459445]
	Ordinal0 [0x0106FEA4+458404]
	Ordinal0 [0x0106FA1D+457245]
	Ordinal0 [0x0106F21D+455197]
	Ordinal0 [0x0106EDE4+454116]
	Ordinal0 [0x0106EDA5+454053]
	Ordinal0 [0x010736A9+472745]
	Ordinal0 [0x0106ED5C+453980]
	Ordinal0 [0x0106F6D1+456401]
	Ordinal0 [0x0106F21D+455197]
	Ordinal0 [0x0106EDE4+454116]
	Ordinal0 [0x0106EDA5+454053]
	Ordinal0 [0x01072C67+470119]
	Ordinal0 [0x0106ED5C+453980]
	Ordinal0 [0x0106F6D1+456401]
	Ordinal0 [0x0106F21D+455197]
	Ordinal0 [0x0106EDE4+454116]
	Ordinal0 [0x0106EDA5+454053]
	Ordinal0 [0x0106BA0C+440844]
	Ordinal0 [0x0106ED5C+453980]
	Ordinal0 [0x0106EC44+453700]
	Ordinal0 [0x01078330+492336]
	Ordinal0 [0x0102A108+172296]
	Ordinal0 [0x0102942D+169005]
	Ordinal0 [0x010278EB+162027]
	Ordinal0 [0x01010AC7+68295]
	Ordinal0 [0x01011B40+72512]
	Ordinal0 [0x01011AD9+72409]
	Ordinal0 [0x01108F37+1085239]
	GetHandleVerifier [0x0120D7ED+503293]
	GetHandleVerifier [0x0120D580+502672]
	GetHandleVerifier [0x012146AC+531644]
	GetHandleVerifier [0x0120DFFA+505354]
	Ordinal0 [0x01100606+1050118]
	Ordinal0 [0x0110047F+1049727]
	Ordinal0 [0x0110AF9B+1093531]
	Ordinal0 [0x0110B103+1093891]
	Ordinal0 [0x0110A095+1089685]
	BaseThreadInitThunk [0x76AB62C4+36]
	RtlSubscribeWnfStateChangeNotification [0x77481F69+1081]
	RtlSubscribeWnfStateChangeNotification [0x77481F34+1028]
">
      <![CDATA[org.openqa.selenium.SessionNotCreatedException: session not created
from disconnected: received Inspector.detached event
  (Session info: chrome=77.0.3865.90)
Build info: version: '3.9.1', revision: '63f7b50', time: '2018-02-07T22:42:28.403Z'
System info: host: 'B1009809', ip: '10.82.56.188', os.name: 'Windows 10', os.arch: 'amd64', os.version: '10.0', java.version: '1.8.0_181'
Driver info: driver.version: ChromeDriver
remote stacktrace: Backtrace:
	Ordinal0 [0x0116EB13+1501971]
	Ordinal0 [0x010EF6D1+980689]
	Ordinal0 [0x0107765F+489055]
	Ordinal0 [0x010702B5+459445]
	Ordinal0 [0x0106FEA4+458404]
	Ordinal0 [0x0106FA1D+457245]
	Ordinal0 [0x0106F21D+455197]
	Ordinal0 [0x0106EDE4+454116]
	Ordinal0 [0x0106EDA5+454053]
	Ordinal0 [0x010736A9+472745]
	Ordinal0 [0x0106ED5C+453980]
	Ordinal0 [0x0106F6D1+456401]
	Ordinal0 [0x0106F21D+455197]
	Ordinal0 [0x0106EDE4+454116]
	Ordinal0 [0x0106EDA5+454053]
	Ordinal0 [0x01072C67+470119]
	Ordinal0 [0x0106ED5C+453980]
	Ordinal0 [0x0106F6D1+456401]
	Ordinal0 [0x0106F21D+455197]
	Ordinal0 [0x0106EDE4+454116]
	Ordinal0 [0x0106EDA5+454053]
	Ordinal0 [0x0106BA0C+440844]
	Ordinal0 [0x0106ED5C+453980]
	Ordinal0 [0x0106EC44+453700]
	Ordinal0 [0x01078330+492336]
	Ordinal0 [0x0102A108+172296]
	Ordinal0 [0x0102942D+169005]
	Ordinal0 [0x010278EB+162027]
	Ordinal0 [0x01010AC7+68295]
	Ordinal0 [0x01011B40+72512]
	Ordinal0 [0x01011AD9+72409]
	Ordinal0 [0x01108F37+1085239]
	GetHandleVerifier [0x0120D7ED+503293]
	GetHandleVerifier [0x0120D580+502672]
	GetHandleVerifier [0x012146AC+531644]
	GetHandleVerifier [0x0120DFFA+505354]
	Ordinal0 [0x01100606+1050118]
	Ordinal0 [0x0110047F+1049727]
	Ordinal0 [0x0110AF9B+1093531]
	Ordinal0 [0x0110B103+1093891]
	Ordinal0 [0x0110A095+1089685]
	BaseThreadInitThunk [0x76AB62C4+36]
	RtlSubscribeWnfStateChangeNotification [0x77481F69+1081]
	RtlSubscribeWnfStateChangeNotification [0x77481F34+1028]

	at sun.reflect.NativeConstructorAccessorImpl.newInstance0(Native Method)
	at sun.reflect.NativeConstructorAccessorImpl.newInstance(NativeConstructorAccessorImpl.java:62)
	at sun.reflect.DelegatingConstructorAccessorImpl.newInstance(DelegatingConstructorAccessorImpl.java:45)
	at java.lang.reflect.Constructor.newInstance(Constructor.java:423)
	at org.openqa.selenium.remote.W3CHandshakeResponse.lambda$new$0(W3CHandshakeResponse.java:57)
	at org.openqa.selenium.remote.W3CHandshakeResponse.lambda$getResponseFunction$2(W3CHandshakeResponse.java:104)
	at org.openqa.selenium.remote.ProtocolHandshake.lambda$createSession$0(ProtocolHandshake.java:123)
	at java.util.stream.ReferencePipeline$3$1.accept(ReferencePipeline.java:193)
	at java.util.Spliterators$ArraySpliterator.tryAdvance(Spliterators.java:958)
	at java.util.stream.ReferencePipeline.forEachWithCancel(ReferencePipeline.java:126)
	at java.util.stream.AbstractPipeline.copyIntoWithCancel(AbstractPipeline.java:498)
	at java.util.stream.AbstractPipeline.copyInto(AbstractPipeline.java:485)
	at java.util.stream.AbstractPipeline.wrapAndCopyInto(AbstractPipeline.java:471)
	at java.util.stream.FindOps$FindOp.evaluateSequential(FindOps.java:152)
	at java.util.stream.AbstractPipeline.evaluate(AbstractPipeline.java:234)
	at java.util.stream.ReferencePipeline.findFirst(ReferencePipeline.java:464)
	at org.openqa.selenium.remote.ProtocolHandshake.createSession(ProtocolHandshake.java:126)
	at org.openqa.selenium.remote.ProtocolHandshake.createSession(ProtocolHandshake.java:73)
	at org.openqa.selenium.remote.HttpCommandExecutor.execute(HttpCommandExecutor.java:138)
	at org.openqa.selenium.remote.service.DriverCommandExecutor.execute(DriverCommandExecutor.java:83)
	at org.openqa.selenium.remote.RemoteWebDriver.execute(RemoteWebDriver.java:601)
	at org.openqa.selenium.remote.RemoteWebDriver.startSession(RemoteWebDriver.java:219)
	at org.openqa.selenium.remote.RemoteWebDriver.<init>(RemoteWebDriver.java:142)
	at org.openqa.selenium.chrome.ChromeDriver.<init>(ChromeDriver.java:181)
	at org.openqa.selenium.chrome.ChromeDriver.<init>(ChromeDriver.java:147)
	at Utilities.InitialiseDrivers.InitialiseChromDriver(InitialiseDrivers.java:24)
	at Citroën.HPCompESTest.BeforeTest(HPCompESTest.java:26)
	at sun.reflect.NativeMethodAccessorImpl.invoke0(Native Method)
	at sun.reflect.NativeMethodAccessorImpl.invoke(NativeMethodAccessorImpl.java:62)
	at sun.reflect.DelegatingMethodAccessorImpl.invoke(DelegatingMethodAccessorImpl.java:43)
	at java.lang.reflect.Method.invoke(Method.java:498)
	at org.testng.internal.MethodInvocationHelper.invokeMethod(MethodInvocationHelper.java:86)
	at org.testng.internal.Invoker.invokeConfigurationMethod(Invoker.java:514)
	at org.testng.internal.Invoker.invokeConfigurations(Invoker.java:215)
	at org.testng.internal.Invoker.invokeConfigurations(Invoker.java:142)
	at org.testng.SuiteRunner.privateRun(SuiteRunner.java:305)
	at org.testng.SuiteRunner.run(SuiteRunner.java:268)
	at org.testng.SuiteRunnerWorker.runSuite(SuiteRunnerWorker.java:52)
	at org.testng.SuiteRunnerWorker.run(SuiteRunnerWorker.java:86)
	at org.testng.TestNG.runSuitesSequentially(TestNG.java:1244)
	at org.testng.TestNG.runSuitesLocally(TestNG.java:1169)
	at org.testng.TestNG.run(TestNG.java:1064)
	at org.testng.remote.AbstractRemoteTestNG.run(AbstractRemoteTestNG.java:114)
	at org.testng.remote.RemoteTestNG.initAndRun(RemoteTestNG.java:251)
	at org.testng.remote.RemoteTestNG.main(RemoteTestNG.java:77)
]]>
    </error>
  </testcase> <!-- GotTwiterPageWhenClickingTheTwiterIcone -->
  <testcase name="GotTheUserGeneralConditionsPDF" time="0.002" classname="Citroën.HPCompESTest">
    <error type="org.openqa.selenium.SessionNotCreatedException" message="session not created
from disconnected: received Inspector.detached event
  (Session info: chrome=77.0.3865.90)
Build info: version: &#039;3.9.1&#039;, revision: &#039;63f7b50&#039;, time: &#039;2018-02-07T22:42:28.403Z&#039;
System info: host: &#039;B1009809&#039;, ip: &#039;10.82.56.188&#039;, os.name: &#039;Windows 10&#039;, os.arch: &#039;amd64&#039;, os.version: &#039;10.0&#039;, java.version: &#039;1.8.0_181&#039;
Driver info: driver.version: ChromeDriver
remote stacktrace: Backtrace:
	Ordinal0 [0x0116EB13+1501971]
	Ordinal0 [0x010EF6D1+980689]
	Ordinal0 [0x0107765F+489055]
	Ordinal0 [0x010702B5+459445]
	Ordinal0 [0x0106FEA4+458404]
	Ordinal0 [0x0106FA1D+457245]
	Ordinal0 [0x0106F21D+455197]
	Ordinal0 [0x0106EDE4+454116]
	Ordinal0 [0x0106EDA5+454053]
	Ordinal0 [0x010736A9+472745]
	Ordinal0 [0x0106ED5C+453980]
	Ordinal0 [0x0106F6D1+456401]
	Ordinal0 [0x0106F21D+455197]
	Ordinal0 [0x0106EDE4+454116]
	Ordinal0 [0x0106EDA5+454053]
	Ordinal0 [0x01072C67+470119]
	Ordinal0 [0x0106ED5C+453980]
	Ordinal0 [0x0106F6D1+456401]
	Ordinal0 [0x0106F21D+455197]
	Ordinal0 [0x0106EDE4+454116]
	Ordinal0 [0x0106EDA5+454053]
	Ordinal0 [0x0106BA0C+440844]
	Ordinal0 [0x0106ED5C+453980]
	Ordinal0 [0x0106EC44+453700]
	Ordinal0 [0x01078330+492336]
	Ordinal0 [0x0102A108+172296]
	Ordinal0 [0x0102942D+169005]
	Ordinal0 [0x010278EB+162027]
	Ordinal0 [0x01010AC7+68295]
	Ordinal0 [0x01011B40+72512]
	Ordinal0 [0x01011AD9+72409]
	Ordinal0 [0x01108F37+1085239]
	GetHandleVerifier [0x0120D7ED+503293]
	GetHandleVerifier [0x0120D580+502672]
	GetHandleVerifier [0x012146AC+531644]
	GetHandleVerifier [0x0120DFFA+505354]
	Ordinal0 [0x01100606+1050118]
	Ordinal0 [0x0110047F+1049727]
	Ordinal0 [0x0110AF9B+1093531]
	Ordinal0 [0x0110B103+1093891]
	Ordinal0 [0x0110A095+1089685]
	BaseThreadInitThunk [0x76AB62C4+36]
	RtlSubscribeWnfStateChangeNotification [0x77481F69+1081]
	RtlSubscribeWnfStateChangeNotification [0x77481F34+1028]
">
      <![CDATA[org.openqa.selenium.SessionNotCreatedException: session not created
from disconnected: received Inspector.detached event
  (Session info: chrome=77.0.3865.90)
Build info: version: '3.9.1', revision: '63f7b50', time: '2018-02-07T22:42:28.403Z'
System info: host: 'B1009809', ip: '10.82.56.188', os.name: 'Windows 10', os.arch: 'amd64', os.version: '10.0', java.version: '1.8.0_181'
Driver info: driver.version: ChromeDriver
remote stacktrace: Backtrace:
	Ordinal0 [0x0116EB13+1501971]
	Ordinal0 [0x010EF6D1+980689]
	Ordinal0 [0x0107765F+489055]
	Ordinal0 [0x010702B5+459445]
	Ordinal0 [0x0106FEA4+458404]
	Ordinal0 [0x0106FA1D+457245]
	Ordinal0 [0x0106F21D+455197]
	Ordinal0 [0x0106EDE4+454116]
	Ordinal0 [0x0106EDA5+454053]
	Ordinal0 [0x010736A9+472745]
	Ordinal0 [0x0106ED5C+453980]
	Ordinal0 [0x0106F6D1+456401]
	Ordinal0 [0x0106F21D+455197]
	Ordinal0 [0x0106EDE4+454116]
	Ordinal0 [0x0106EDA5+454053]
	Ordinal0 [0x01072C67+470119]
	Ordinal0 [0x0106ED5C+453980]
	Ordinal0 [0x0106F6D1+456401]
	Ordinal0 [0x0106F21D+455197]
	Ordinal0 [0x0106EDE4+454116]
	Ordinal0 [0x0106EDA5+454053]
	Ordinal0 [0x0106BA0C+440844]
	Ordinal0 [0x0106ED5C+453980]
	Ordinal0 [0x0106EC44+453700]
	Ordinal0 [0x01078330+492336]
	Ordinal0 [0x0102A108+172296]
	Ordinal0 [0x0102942D+169005]
	Ordinal0 [0x010278EB+162027]
	Ordinal0 [0x01010AC7+68295]
	Ordinal0 [0x01011B40+72512]
	Ordinal0 [0x01011AD9+72409]
	Ordinal0 [0x01108F37+1085239]
	GetHandleVerifier [0x0120D7ED+503293]
	GetHandleVerifier [0x0120D580+502672]
	GetHandleVerifier [0x012146AC+531644]
	GetHandleVerifier [0x0120DFFA+505354]
	Ordinal0 [0x01100606+1050118]
	Ordinal0 [0x0110047F+1049727]
	Ordinal0 [0x0110AF9B+1093531]
	Ordinal0 [0x0110B103+1093891]
	Ordinal0 [0x0110A095+1089685]
	BaseThreadInitThunk [0x76AB62C4+36]
	RtlSubscribeWnfStateChangeNotification [0x77481F69+1081]
	RtlSubscribeWnfStateChangeNotification [0x77481F34+1028]

	at sun.reflect.NativeConstructorAccessorImpl.newInstance0(Native Method)
	at sun.reflect.NativeConstructorAccessorImpl.newInstance(NativeConstructorAccessorImpl.java:62)
	at sun.reflect.DelegatingConstructorAccessorImpl.newInstance(DelegatingConstructorAccessorImpl.java:45)
	at java.lang.reflect.Constructor.newInstance(Constructor.java:423)
	at org.openqa.selenium.remote.W3CHandshakeResponse.lambda$new$0(W3CHandshakeResponse.java:57)
	at org.openqa.selenium.remote.W3CHandshakeResponse.lambda$getResponseFunction$2(W3CHandshakeResponse.java:104)
	at org.openqa.selenium.remote.ProtocolHandshake.lambda$createSession$0(ProtocolHandshake.java:123)
	at java.util.stream.ReferencePipeline$3$1.accept(ReferencePipeline.java:193)
	at java.util.Spliterators$ArraySpliterator.tryAdvance(Spliterators.java:958)
	at java.util.stream.ReferencePipeline.forEachWithCancel(ReferencePipeline.java:126)
	at java.util.stream.AbstractPipeline.copyIntoWithCancel(AbstractPipeline.java:498)
	at java.util.stream.AbstractPipeline.copyInto(AbstractPipeline.java:485)
	at java.util.stream.AbstractPipeline.wrapAndCopyInto(AbstractPipeline.java:471)
	at java.util.stream.FindOps$FindOp.evaluateSequential(FindOps.java:152)
	at java.util.stream.AbstractPipeline.evaluate(AbstractPipeline.java:234)
	at java.util.stream.ReferencePipeline.findFirst(ReferencePipeline.java:464)
	at org.openqa.selenium.remote.ProtocolHandshake.createSession(ProtocolHandshake.java:126)
	at org.openqa.selenium.remote.ProtocolHandshake.createSession(ProtocolHandshake.java:73)
	at org.openqa.selenium.remote.HttpCommandExecutor.execute(HttpCommandExecutor.java:138)
	at org.openqa.selenium.remote.service.DriverCommandExecutor.execute(DriverCommandExecutor.java:83)
	at org.openqa.selenium.remote.RemoteWebDriver.execute(RemoteWebDriver.java:601)
	at org.openqa.selenium.remote.RemoteWebDriver.startSession(RemoteWebDriver.java:219)
	at org.openqa.selenium.remote.RemoteWebDriver.<init>(RemoteWebDriver.java:142)
	at org.openqa.selenium.chrome.ChromeDriver.<init>(ChromeDriver.java:181)
	at org.openqa.selenium.chrome.ChromeDriver.<init>(ChromeDriver.java:147)
	at Utilities.InitialiseDrivers.InitialiseChromDriver(InitialiseDrivers.java:24)
	at Citroën.HPCompESTest.BeforeTest(HPCompESTest.java:26)
	at sun.reflect.NativeMethodAccessorImpl.invoke0(Native Method)
	at sun.reflect.NativeMethodAccessorImpl.invoke(NativeMethodAccessorImpl.java:62)
	at sun.reflect.DelegatingMethodAccessorImpl.invoke(DelegatingMethodAccessorImpl.java:43)
	at java.lang.reflect.Method.invoke(Method.java:498)
	at org.testng.internal.MethodInvocationHelper.invokeMethod(MethodInvocationHelper.java:86)
	at org.testng.internal.Invoker.invokeConfigurationMethod(Invoker.java:514)
	at org.testng.internal.Invoker.invokeConfigurations(Invoker.java:215)
	at org.testng.internal.Invoker.invokeConfigurations(Invoker.java:142)
	at org.testng.SuiteRunner.privateRun(SuiteRunner.java:305)
	at org.testng.SuiteRunner.run(SuiteRunner.java:268)
	at org.testng.SuiteRunnerWorker.runSuite(SuiteRunnerWorker.java:52)
	at org.testng.SuiteRunnerWorker.run(SuiteRunnerWorker.java:86)
	at org.testng.TestNG.runSuitesSequentially(TestNG.java:1244)
	at org.testng.TestNG.runSuitesLocally(TestNG.java:1169)
	at org.testng.TestNG.run(TestNG.java:1064)
	at org.testng.remote.AbstractRemoteTestNG.run(AbstractRemoteTestNG.java:114)
	at org.testng.remote.RemoteTestNG.initAndRun(RemoteTestNG.java:251)
	at org.testng.remote.RemoteTestNG.main(RemoteTestNG.java:77)
]]>
    </error>
  </testcase> <!-- GotTheUserGeneralConditionsPDF -->
  <testcase name="ThePageTitleBrandisCorrect" time="0.012" classname="Citroën.HPCompESTest">
    <error type="org.openqa.selenium.SessionNotCreatedException" message="session not created
from disconnected: received Inspector.detached event
  (Session info: chrome=77.0.3865.90)
Build info: version: &#039;3.9.1&#039;, revision: &#039;63f7b50&#039;, time: &#039;2018-02-07T22:42:28.403Z&#039;
System info: host: &#039;B1009809&#039;, ip: &#039;10.82.56.188&#039;, os.name: &#039;Windows 10&#039;, os.arch: &#039;amd64&#039;, os.version: &#039;10.0&#039;, java.version: &#039;1.8.0_181&#039;
Driver info: driver.version: ChromeDriver
remote stacktrace: Backtrace:
	Ordinal0 [0x0116EB13+1501971]
	Ordinal0 [0x010EF6D1+980689]
	Ordinal0 [0x0107765F+489055]
	Ordinal0 [0x010702B5+459445]
	Ordinal0 [0x0106FEA4+458404]
	Ordinal0 [0x0106FA1D+457245]
	Ordinal0 [0x0106F21D+455197]
	Ordinal0 [0x0106EDE4+454116]
	Ordinal0 [0x0106EDA5+454053]
	Ordinal0 [0x010736A9+472745]
	Ordinal0 [0x0106ED5C+453980]
	Ordinal0 [0x0106F6D1+456401]
	Ordinal0 [0x0106F21D+455197]
	Ordinal0 [0x0106EDE4+454116]
	Ordinal0 [0x0106EDA5+454053]
	Ordinal0 [0x01072C67+470119]
	Ordinal0 [0x0106ED5C+453980]
	Ordinal0 [0x0106F6D1+456401]
	Ordinal0 [0x0106F21D+455197]
	Ordinal0 [0x0106EDE4+454116]
	Ordinal0 [0x0106EDA5+454053]
	Ordinal0 [0x0106BA0C+440844]
	Ordinal0 [0x0106ED5C+453980]
	Ordinal0 [0x0106EC44+453700]
	Ordinal0 [0x01078330+492336]
	Ordinal0 [0x0102A108+172296]
	Ordinal0 [0x0102942D+169005]
	Ordinal0 [0x010278EB+162027]
	Ordinal0 [0x01010AC7+68295]
	Ordinal0 [0x01011B40+72512]
	Ordinal0 [0x01011AD9+72409]
	Ordinal0 [0x01108F37+1085239]
	GetHandleVerifier [0x0120D7ED+503293]
	GetHandleVerifier [0x0120D580+502672]
	GetHandleVerifier [0x012146AC+531644]
	GetHandleVerifier [0x0120DFFA+505354]
	Ordinal0 [0x01100606+1050118]
	Ordinal0 [0x0110047F+1049727]
	Ordinal0 [0x0110AF9B+1093531]
	Ordinal0 [0x0110B103+1093891]
	Ordinal0 [0x0110A095+1089685]
	BaseThreadInitThunk [0x76AB62C4+36]
	RtlSubscribeWnfStateChangeNotification [0x77481F69+1081]
	RtlSubscribeWnfStateChangeNotification [0x77481F34+1028]
">
      <![CDATA[org.openqa.selenium.SessionNotCreatedException: session not created
from disconnected: received Inspector.detached event
  (Session info: chrome=77.0.3865.90)
Build info: version: '3.9.1', revision: '63f7b50', time: '2018-02-07T22:42:28.403Z'
System info: host: 'B1009809', ip: '10.82.56.188', os.name: 'Windows 10', os.arch: 'amd64', os.version: '10.0', java.version: '1.8.0_181'
Driver info: driver.version: ChromeDriver
remote stacktrace: Backtrace:
	Ordinal0 [0x0116EB13+1501971]
	Ordinal0 [0x010EF6D1+980689]
	Ordinal0 [0x0107765F+489055]
	Ordinal0 [0x010702B5+459445]
	Ordinal0 [0x0106FEA4+458404]
	Ordinal0 [0x0106FA1D+457245]
	Ordinal0 [0x0106F21D+455197]
	Ordinal0 [0x0106EDE4+454116]
	Ordinal0 [0x0106EDA5+454053]
	Ordinal0 [0x010736A9+472745]
	Ordinal0 [0x0106ED5C+453980]
	Ordinal0 [0x0106F6D1+456401]
	Ordinal0 [0x0106F21D+455197]
	Ordinal0 [0x0106EDE4+454116]
	Ordinal0 [0x0106EDA5+454053]
	Ordinal0 [0x01072C67+470119]
	Ordinal0 [0x0106ED5C+453980]
	Ordinal0 [0x0106F6D1+456401]
	Ordinal0 [0x0106F21D+455197]
	Ordinal0 [0x0106EDE4+454116]
	Ordinal0 [0x0106EDA5+454053]
	Ordinal0 [0x0106BA0C+440844]
	Ordinal0 [0x0106ED5C+453980]
	Ordinal0 [0x0106EC44+453700]
	Ordinal0 [0x01078330+492336]
	Ordinal0 [0x0102A108+172296]
	Ordinal0 [0x0102942D+169005]
	Ordinal0 [0x010278EB+162027]
	Ordinal0 [0x01010AC7+68295]
	Ordinal0 [0x01011B40+72512]
	Ordinal0 [0x01011AD9+72409]
	Ordinal0 [0x01108F37+1085239]
	GetHandleVerifier [0x0120D7ED+503293]
	GetHandleVerifier [0x0120D580+502672]
	GetHandleVerifier [0x012146AC+531644]
	GetHandleVerifier [0x0120DFFA+505354]
	Ordinal0 [0x01100606+1050118]
	Ordinal0 [0x0110047F+1049727]
	Ordinal0 [0x0110AF9B+1093531]
	Ordinal0 [0x0110B103+1093891]
	Ordinal0 [0x0110A095+1089685]
	BaseThreadInitThunk [0x76AB62C4+36]
	RtlSubscribeWnfStateChangeNotification [0x77481F69+1081]
	RtlSubscribeWnfStateChangeNotification [0x77481F34+1028]

	at sun.reflect.NativeConstructorAccessorImpl.newInstance0(Native Method)
	at sun.reflect.NativeConstructorAccessorImpl.newInstance(NativeConstructorAccessorImpl.java:62)
	at sun.reflect.DelegatingConstructorAccessorImpl.newInstance(DelegatingConstructorAccessorImpl.java:45)
	at java.lang.reflect.Constructor.newInstance(Constructor.java:423)
	at org.openqa.selenium.remote.W3CHandshakeResponse.lambda$new$0(W3CHandshakeResponse.java:57)
	at org.openqa.selenium.remote.W3CHandshakeResponse.lambda$getResponseFunction$2(W3CHandshakeResponse.java:104)
	at org.openqa.selenium.remote.ProtocolHandshake.lambda$createSession$0(ProtocolHandshake.java:123)
	at java.util.stream.ReferencePipeline$3$1.accept(ReferencePipeline.java:193)
	at java.util.Spliterators$ArraySpliterator.tryAdvance(Spliterators.java:958)
	at java.util.stream.ReferencePipeline.forEachWithCancel(ReferencePipeline.java:126)
	at java.util.stream.AbstractPipeline.copyIntoWithCancel(AbstractPipeline.java:498)
	at java.util.stream.AbstractPipeline.copyInto(AbstractPipeline.java:485)
	at java.util.stream.AbstractPipeline.wrapAndCopyInto(AbstractPipeline.java:471)
	at java.util.stream.FindOps$FindOp.evaluateSequential(FindOps.java:152)
	at java.util.stream.AbstractPipeline.evaluate(AbstractPipeline.java:234)
	at java.util.stream.ReferencePipeline.findFirst(ReferencePipeline.java:464)
	at org.openqa.selenium.remote.ProtocolHandshake.createSession(ProtocolHandshake.java:126)
	at org.openqa.selenium.remote.ProtocolHandshake.createSession(ProtocolHandshake.java:73)
	at org.openqa.selenium.remote.HttpCommandExecutor.execute(HttpCommandExecutor.java:138)
	at org.openqa.selenium.remote.service.DriverCommandExecutor.execute(DriverCommandExecutor.java:83)
	at org.openqa.selenium.remote.RemoteWebDriver.execute(RemoteWebDriver.java:601)
	at org.openqa.selenium.remote.RemoteWebDriver.startSession(RemoteWebDriver.java:219)
	at org.openqa.selenium.remote.RemoteWebDriver.<init>(RemoteWebDriver.java:142)
	at org.openqa.selenium.chrome.ChromeDriver.<init>(ChromeDriver.java:181)
	at org.openqa.selenium.chrome.ChromeDriver.<init>(ChromeDriver.java:147)
	at Utilities.InitialiseDrivers.InitialiseChromDriver(InitialiseDrivers.java:24)
	at Citroën.HPCompESTest.BeforeTest(HPCompESTest.java:26)
	at sun.reflect.NativeMethodAccessorImpl.invoke0(Native Method)
	at sun.reflect.NativeMethodAccessorImpl.invoke(NativeMethodAccessorImpl.java:62)
	at sun.reflect.DelegatingMethodAccessorImpl.invoke(DelegatingMethodAccessorImpl.java:43)
	at java.lang.reflect.Method.invoke(Method.java:498)
	at org.testng.internal.MethodInvocationHelper.invokeMethod(MethodInvocationHelper.java:86)
	at org.testng.internal.Invoker.invokeConfigurationMethod(Invoker.java:514)
	at org.testng.internal.Invoker.invokeConfigurations(Invoker.java:215)
	at org.testng.internal.Invoker.invokeConfigurations(Invoker.java:142)
	at org.testng.SuiteRunner.privateRun(SuiteRunner.java:305)
	at org.testng.SuiteRunner.run(SuiteRunner.java:268)
	at org.testng.SuiteRunnerWorker.runSuite(SuiteRunnerWorker.java:52)
	at org.testng.SuiteRunnerWorker.run(SuiteRunnerWorker.java:86)
	at org.testng.TestNG.runSuitesSequentially(TestNG.java:1244)
	at org.testng.TestNG.runSuitesLocally(TestNG.java:1169)
	at org.testng.TestNG.run(TestNG.java:1064)
	at org.testng.remote.AbstractRemoteTestNG.run(AbstractRemoteTestNG.java:114)
	at org.testng.remote.RemoteTestNG.initAndRun(RemoteTestNG.java:251)
	at org.testng.remote.RemoteTestNG.main(RemoteTestNG.java:77)
]]>
    </error>
  </testcase> <!-- ThePageTitleBrandisCorrect -->
  <testcase name="GotTheRightUrlWhenClickingOnCarConfiguratorLink" time="0.001" classname="Citroën.HPCompESTest">
    <error type="org.openqa.selenium.SessionNotCreatedException" message="session not created
from disconnected: received Inspector.detached event
  (Session info: chrome=77.0.3865.90)
Build info: version: &#039;3.9.1&#039;, revision: &#039;63f7b50&#039;, time: &#039;2018-02-07T22:42:28.403Z&#039;
System info: host: &#039;B1009809&#039;, ip: &#039;10.82.56.188&#039;, os.name: &#039;Windows 10&#039;, os.arch: &#039;amd64&#039;, os.version: &#039;10.0&#039;, java.version: &#039;1.8.0_181&#039;
Driver info: driver.version: ChromeDriver
remote stacktrace: Backtrace:
	Ordinal0 [0x0116EB13+1501971]
	Ordinal0 [0x010EF6D1+980689]
	Ordinal0 [0x0107765F+489055]
	Ordinal0 [0x010702B5+459445]
	Ordinal0 [0x0106FEA4+458404]
	Ordinal0 [0x0106FA1D+457245]
	Ordinal0 [0x0106F21D+455197]
	Ordinal0 [0x0106EDE4+454116]
	Ordinal0 [0x0106EDA5+454053]
	Ordinal0 [0x010736A9+472745]
	Ordinal0 [0x0106ED5C+453980]
	Ordinal0 [0x0106F6D1+456401]
	Ordinal0 [0x0106F21D+455197]
	Ordinal0 [0x0106EDE4+454116]
	Ordinal0 [0x0106EDA5+454053]
	Ordinal0 [0x01072C67+470119]
	Ordinal0 [0x0106ED5C+453980]
	Ordinal0 [0x0106F6D1+456401]
	Ordinal0 [0x0106F21D+455197]
	Ordinal0 [0x0106EDE4+454116]
	Ordinal0 [0x0106EDA5+454053]
	Ordinal0 [0x0106BA0C+440844]
	Ordinal0 [0x0106ED5C+453980]
	Ordinal0 [0x0106EC44+453700]
	Ordinal0 [0x01078330+492336]
	Ordinal0 [0x0102A108+172296]
	Ordinal0 [0x0102942D+169005]
	Ordinal0 [0x010278EB+162027]
	Ordinal0 [0x01010AC7+68295]
	Ordinal0 [0x01011B40+72512]
	Ordinal0 [0x01011AD9+72409]
	Ordinal0 [0x01108F37+1085239]
	GetHandleVerifier [0x0120D7ED+503293]
	GetHandleVerifier [0x0120D580+502672]
	GetHandleVerifier [0x012146AC+531644]
	GetHandleVerifier [0x0120DFFA+505354]
	Ordinal0 [0x01100606+1050118]
	Ordinal0 [0x0110047F+1049727]
	Ordinal0 [0x0110AF9B+1093531]
	Ordinal0 [0x0110B103+1093891]
	Ordinal0 [0x0110A095+1089685]
	BaseThreadInitThunk [0x76AB62C4+36]
	RtlSubscribeWnfStateChangeNotification [0x77481F69+1081]
	RtlSubscribeWnfStateChangeNotification [0x77481F34+1028]
">
      <![CDATA[org.openqa.selenium.SessionNotCreatedException: session not created
from disconnected: received Inspector.detached event
  (Session info: chrome=77.0.3865.90)
Build info: version: '3.9.1', revision: '63f7b50', time: '2018-02-07T22:42:28.403Z'
System info: host: 'B1009809', ip: '10.82.56.188', os.name: 'Windows 10', os.arch: 'amd64', os.version: '10.0', java.version: '1.8.0_181'
Driver info: driver.version: ChromeDriver
remote stacktrace: Backtrace:
	Ordinal0 [0x0116EB13+1501971]
	Ordinal0 [0x010EF6D1+980689]
	Ordinal0 [0x0107765F+489055]
	Ordinal0 [0x010702B5+459445]
	Ordinal0 [0x0106FEA4+458404]
	Ordinal0 [0x0106FA1D+457245]
	Ordinal0 [0x0106F21D+455197]
	Ordinal0 [0x0106EDE4+454116]
	Ordinal0 [0x0106EDA5+454053]
	Ordinal0 [0x010736A9+472745]
	Ordinal0 [0x0106ED5C+453980]
	Ordinal0 [0x0106F6D1+456401]
	Ordinal0 [0x0106F21D+455197]
	Ordinal0 [0x0106EDE4+454116]
	Ordinal0 [0x0106EDA5+454053]
	Ordinal0 [0x01072C67+470119]
	Ordinal0 [0x0106ED5C+453980]
	Ordinal0 [0x0106F6D1+456401]
	Ordinal0 [0x0106F21D+455197]
	Ordinal0 [0x0106EDE4+454116]
	Ordinal0 [0x0106EDA5+454053]
	Ordinal0 [0x0106BA0C+440844]
	Ordinal0 [0x0106ED5C+453980]
	Ordinal0 [0x0106EC44+453700]
	Ordinal0 [0x01078330+492336]
	Ordinal0 [0x0102A108+172296]
	Ordinal0 [0x0102942D+169005]
	Ordinal0 [0x010278EB+162027]
	Ordinal0 [0x01010AC7+68295]
	Ordinal0 [0x01011B40+72512]
	Ordinal0 [0x01011AD9+72409]
	Ordinal0 [0x01108F37+1085239]
	GetHandleVerifier [0x0120D7ED+503293]
	GetHandleVerifier [0x0120D580+502672]
	GetHandleVerifier [0x012146AC+531644]
	GetHandleVerifier [0x0120DFFA+505354]
	Ordinal0 [0x01100606+1050118]
	Ordinal0 [0x0110047F+1049727]
	Ordinal0 [0x0110AF9B+1093531]
	Ordinal0 [0x0110B103+1093891]
	Ordinal0 [0x0110A095+1089685]
	BaseThreadInitThunk [0x76AB62C4+36]
	RtlSubscribeWnfStateChangeNotification [0x77481F69+1081]
	RtlSubscribeWnfStateChangeNotification [0x77481F34+1028]

	at sun.reflect.NativeConstructorAccessorImpl.newInstance0(Native Method)
	at sun.reflect.NativeConstructorAccessorImpl.newInstance(NativeConstructorAccessorImpl.java:62)
	at sun.reflect.DelegatingConstructorAccessorImpl.newInstance(DelegatingConstructorAccessorImpl.java:45)
	at java.lang.reflect.Constructor.newInstance(Constructor.java:423)
	at org.openqa.selenium.remote.W3CHandshakeResponse.lambda$new$0(W3CHandshakeResponse.java:57)
	at org.openqa.selenium.remote.W3CHandshakeResponse.lambda$getResponseFunction$2(W3CHandshakeResponse.java:104)
	at org.openqa.selenium.remote.ProtocolHandshake.lambda$createSession$0(ProtocolHandshake.java:123)
	at java.util.stream.ReferencePipeline$3$1.accept(ReferencePipeline.java:193)
	at java.util.Spliterators$ArraySpliterator.tryAdvance(Spliterators.java:958)
	at java.util.stream.ReferencePipeline.forEachWithCancel(ReferencePipeline.java:126)
	at java.util.stream.AbstractPipeline.copyIntoWithCancel(AbstractPipeline.java:498)
	at java.util.stream.AbstractPipeline.copyInto(AbstractPipeline.java:485)
	at java.util.stream.AbstractPipeline.wrapAndCopyInto(AbstractPipeline.java:471)
	at java.util.stream.FindOps$FindOp.evaluateSequential(FindOps.java:152)
	at java.util.stream.AbstractPipeline.evaluate(AbstractPipeline.java:234)
	at java.util.stream.ReferencePipeline.findFirst(ReferencePipeline.java:464)
	at org.openqa.selenium.remote.ProtocolHandshake.createSession(ProtocolHandshake.java:126)
	at org.openqa.selenium.remote.ProtocolHandshake.createSession(ProtocolHandshake.java:73)
	at org.openqa.selenium.remote.HttpCommandExecutor.execute(HttpCommandExecutor.java:138)
	at org.openqa.selenium.remote.service.DriverCommandExecutor.execute(DriverCommandExecutor.java:83)
	at org.openqa.selenium.remote.RemoteWebDriver.execute(RemoteWebDriver.java:601)
	at org.openqa.selenium.remote.RemoteWebDriver.startSession(RemoteWebDriver.java:219)
	at org.openqa.selenium.remote.RemoteWebDriver.<init>(RemoteWebDriver.java:142)
	at org.openqa.selenium.chrome.ChromeDriver.<init>(ChromeDriver.java:181)
	at org.openqa.selenium.chrome.ChromeDriver.<init>(ChromeDriver.java:147)
	at Utilities.InitialiseDrivers.InitialiseChromDriver(InitialiseDrivers.java:24)
	at Citroën.HPCompESTest.BeforeTest(HPCompESTest.java:26)
	at sun.reflect.NativeMethodAccessorImpl.invoke0(Native Method)
	at sun.reflect.NativeMethodAccessorImpl.invoke(NativeMethodAccessorImpl.java:62)
	at sun.reflect.DelegatingMethodAccessorImpl.invoke(DelegatingMethodAccessorImpl.java:43)
	at java.lang.reflect.Method.invoke(Method.java:498)
	at org.testng.internal.MethodInvocationHelper.invokeMethod(MethodInvocationHelper.java:86)
	at org.testng.internal.Invoker.invokeConfigurationMethod(Invoker.java:514)
	at org.testng.internal.Invoker.invokeConfigurations(Invoker.java:215)
	at org.testng.internal.Invoker.invokeConfigurations(Invoker.java:142)
	at org.testng.SuiteRunner.privateRun(SuiteRunner.java:305)
	at org.testng.SuiteRunner.run(SuiteRunner.java:268)
	at org.testng.SuiteRunnerWorker.runSuite(SuiteRunnerWorker.java:52)
	at org.testng.SuiteRunnerWorker.run(SuiteRunnerWorker.java:86)
	at org.testng.TestNG.runSuitesSequentially(TestNG.java:1244)
	at org.testng.TestNG.runSuitesLocally(TestNG.java:1169)
	at org.testng.TestNG.run(TestNG.java:1064)
	at org.testng.remote.AbstractRemoteTestNG.run(AbstractRemoteTestNG.java:114)
	at org.testng.remote.RemoteTestNG.initAndRun(RemoteTestNG.java:251)
	at org.testng.remote.RemoteTestNG.main(RemoteTestNG.java:77)
]]>
    </error>
  </testcase> <!-- GotTheRightUrlWhenClickingOnCarConfiguratorLink -->
  <testcase name="GotTheRightUrlWhenClickingOnProfessionalCarsLink" time="0.001" classname="Citroën.HPCompESTest">
    <error type="org.openqa.selenium.SessionNotCreatedException" message="session not created
from disconnected: received Inspector.detached event
  (Session info: chrome=77.0.3865.90)
Build info: version: &#039;3.9.1&#039;, revision: &#039;63f7b50&#039;, time: &#039;2018-02-07T22:42:28.403Z&#039;
System info: host: &#039;B1009809&#039;, ip: &#039;10.82.56.188&#039;, os.name: &#039;Windows 10&#039;, os.arch: &#039;amd64&#039;, os.version: &#039;10.0&#039;, java.version: &#039;1.8.0_181&#039;
Driver info: driver.version: ChromeDriver
remote stacktrace: Backtrace:
	Ordinal0 [0x0116EB13+1501971]
	Ordinal0 [0x010EF6D1+980689]
	Ordinal0 [0x0107765F+489055]
	Ordinal0 [0x010702B5+459445]
	Ordinal0 [0x0106FEA4+458404]
	Ordinal0 [0x0106FA1D+457245]
	Ordinal0 [0x0106F21D+455197]
	Ordinal0 [0x0106EDE4+454116]
	Ordinal0 [0x0106EDA5+454053]
	Ordinal0 [0x010736A9+472745]
	Ordinal0 [0x0106ED5C+453980]
	Ordinal0 [0x0106F6D1+456401]
	Ordinal0 [0x0106F21D+455197]
	Ordinal0 [0x0106EDE4+454116]
	Ordinal0 [0x0106EDA5+454053]
	Ordinal0 [0x01072C67+470119]
	Ordinal0 [0x0106ED5C+453980]
	Ordinal0 [0x0106F6D1+456401]
	Ordinal0 [0x0106F21D+455197]
	Ordinal0 [0x0106EDE4+454116]
	Ordinal0 [0x0106EDA5+454053]
	Ordinal0 [0x0106BA0C+440844]
	Ordinal0 [0x0106ED5C+453980]
	Ordinal0 [0x0106EC44+453700]
	Ordinal0 [0x01078330+492336]
	Ordinal0 [0x0102A108+172296]
	Ordinal0 [0x0102942D+169005]
	Ordinal0 [0x010278EB+162027]
	Ordinal0 [0x01010AC7+68295]
	Ordinal0 [0x01011B40+72512]
	Ordinal0 [0x01011AD9+72409]
	Ordinal0 [0x01108F37+1085239]
	GetHandleVerifier [0x0120D7ED+503293]
	GetHandleVerifier [0x0120D580+502672]
	GetHandleVerifier [0x012146AC+531644]
	GetHandleVerifier [0x0120DFFA+505354]
	Ordinal0 [0x01100606+1050118]
	Ordinal0 [0x0110047F+1049727]
	Ordinal0 [0x0110AF9B+1093531]
	Ordinal0 [0x0110B103+1093891]
	Ordinal0 [0x0110A095+1089685]
	BaseThreadInitThunk [0x76AB62C4+36]
	RtlSubscribeWnfStateChangeNotification [0x77481F69+1081]
	RtlSubscribeWnfStateChangeNotification [0x77481F34+1028]
">
      <![CDATA[org.openqa.selenium.SessionNotCreatedException: session not created
from disconnected: received Inspector.detached event
  (Session info: chrome=77.0.3865.90)
Build info: version: '3.9.1', revision: '63f7b50', time: '2018-02-07T22:42:28.403Z'
System info: host: 'B1009809', ip: '10.82.56.188', os.name: 'Windows 10', os.arch: 'amd64', os.version: '10.0', java.version: '1.8.0_181'
Driver info: driver.version: ChromeDriver
remote stacktrace: Backtrace:
	Ordinal0 [0x0116EB13+1501971]
	Ordinal0 [0x010EF6D1+980689]
	Ordinal0 [0x0107765F+489055]
	Ordinal0 [0x010702B5+459445]
	Ordinal0 [0x0106FEA4+458404]
	Ordinal0 [0x0106FA1D+457245]
	Ordinal0 [0x0106F21D+455197]
	Ordinal0 [0x0106EDE4+454116]
	Ordinal0 [0x0106EDA5+454053]
	Ordinal0 [0x010736A9+472745]
	Ordinal0 [0x0106ED5C+453980]
	Ordinal0 [0x0106F6D1+456401]
	Ordinal0 [0x0106F21D+455197]
	Ordinal0 [0x0106EDE4+454116]
	Ordinal0 [0x0106EDA5+454053]
	Ordinal0 [0x01072C67+470119]
	Ordinal0 [0x0106ED5C+453980]
	Ordinal0 [0x0106F6D1+456401]
	Ordinal0 [0x0106F21D+455197]
	Ordinal0 [0x0106EDE4+454116]
	Ordinal0 [0x0106EDA5+454053]
	Ordinal0 [0x0106BA0C+440844]
	Ordinal0 [0x0106ED5C+453980]
	Ordinal0 [0x0106EC44+453700]
	Ordinal0 [0x01078330+492336]
	Ordinal0 [0x0102A108+172296]
	Ordinal0 [0x0102942D+169005]
	Ordinal0 [0x010278EB+162027]
	Ordinal0 [0x01010AC7+68295]
	Ordinal0 [0x01011B40+72512]
	Ordinal0 [0x01011AD9+72409]
	Ordinal0 [0x01108F37+1085239]
	GetHandleVerifier [0x0120D7ED+503293]
	GetHandleVerifier [0x0120D580+502672]
	GetHandleVerifier [0x012146AC+531644]
	GetHandleVerifier [0x0120DFFA+505354]
	Ordinal0 [0x01100606+1050118]
	Ordinal0 [0x0110047F+1049727]
	Ordinal0 [0x0110AF9B+1093531]
	Ordinal0 [0x0110B103+1093891]
	Ordinal0 [0x0110A095+1089685]
	BaseThreadInitThunk [0x76AB62C4+36]
	RtlSubscribeWnfStateChangeNotification [0x77481F69+1081]
	RtlSubscribeWnfStateChangeNotification [0x77481F34+1028]

	at sun.reflect.NativeConstructorAccessorImpl.newInstance0(Native Method)
	at sun.reflect.NativeConstructorAccessorImpl.newInstance(NativeConstructorAccessorImpl.java:62)
	at sun.reflect.DelegatingConstructorAccessorImpl.newInstance(DelegatingConstructorAccessorImpl.java:45)
	at java.lang.reflect.Constructor.newInstance(Constructor.java:423)
	at org.openqa.selenium.remote.W3CHandshakeResponse.lambda$new$0(W3CHandshakeResponse.java:57)
	at org.openqa.selenium.remote.W3CHandshakeResponse.lambda$getResponseFunction$2(W3CHandshakeResponse.java:104)
	at org.openqa.selenium.remote.ProtocolHandshake.lambda$createSession$0(ProtocolHandshake.java:123)
	at java.util.stream.ReferencePipeline$3$1.accept(ReferencePipeline.java:193)
	at java.util.Spliterators$ArraySpliterator.tryAdvance(Spliterators.java:958)
	at java.util.stream.ReferencePipeline.forEachWithCancel(ReferencePipeline.java:126)
	at java.util.stream.AbstractPipeline.copyIntoWithCancel(AbstractPipeline.java:498)
	at java.util.stream.AbstractPipeline.copyInto(AbstractPipeline.java:485)
	at java.util.stream.AbstractPipeline.wrapAndCopyInto(AbstractPipeline.java:471)
	at java.util.stream.FindOps$FindOp.evaluateSequential(FindOps.java:152)
	at java.util.stream.AbstractPipeline.evaluate(AbstractPipeline.java:234)
	at java.util.stream.ReferencePipeline.findFirst(ReferencePipeline.java:464)
	at org.openqa.selenium.remote.ProtocolHandshake.createSession(ProtocolHandshake.java:126)
	at org.openqa.selenium.remote.ProtocolHandshake.createSession(ProtocolHandshake.java:73)
	at org.openqa.selenium.remote.HttpCommandExecutor.execute(HttpCommandExecutor.java:138)
	at org.openqa.selenium.remote.service.DriverCommandExecutor.execute(DriverCommandExecutor.java:83)
	at org.openqa.selenium.remote.RemoteWebDriver.execute(RemoteWebDriver.java:601)
	at org.openqa.selenium.remote.RemoteWebDriver.startSession(RemoteWebDriver.java:219)
	at org.openqa.selenium.remote.RemoteWebDriver.<init>(RemoteWebDriver.java:142)
	at org.openqa.selenium.chrome.ChromeDriver.<init>(ChromeDriver.java:181)
	at org.openqa.selenium.chrome.ChromeDriver.<init>(ChromeDriver.java:147)
	at Utilities.InitialiseDrivers.InitialiseChromDriver(InitialiseDrivers.java:24)
	at Citroën.HPCompESTest.BeforeTest(HPCompESTest.java:26)
	at sun.reflect.NativeMethodAccessorImpl.invoke0(Native Method)
	at sun.reflect.NativeMethodAccessorImpl.invoke(NativeMethodAccessorImpl.java:62)
	at sun.reflect.DelegatingMethodAccessorImpl.invoke(DelegatingMethodAccessorImpl.java:43)
	at java.lang.reflect.Method.invoke(Method.java:498)
	at org.testng.internal.MethodInvocationHelper.invokeMethod(MethodInvocationHelper.java:86)
	at org.testng.internal.Invoker.invokeConfigurationMethod(Invoker.java:514)
	at org.testng.internal.Invoker.invokeConfigurations(Invoker.java:215)
	at org.testng.internal.Invoker.invokeConfigurations(Invoker.java:142)
	at org.testng.SuiteRunner.privateRun(SuiteRunner.java:305)
	at org.testng.SuiteRunner.run(SuiteRunner.java:268)
	at org.testng.SuiteRunnerWorker.runSuite(SuiteRunnerWorker.java:52)
	at org.testng.SuiteRunnerWorker.run(SuiteRunnerWorker.java:86)
	at org.testng.TestNG.runSuitesSequentially(TestNG.java:1244)
	at org.testng.TestNG.runSuitesLocally(TestNG.java:1169)
	at org.testng.TestNG.run(TestNG.java:1064)
	at org.testng.remote.AbstractRemoteTestNG.run(AbstractRemoteTestNG.java:114)
	at org.testng.remote.RemoteTestNG.initAndRun(RemoteTestNG.java:251)
	at org.testng.remote.RemoteTestNG.main(RemoteTestNG.java:77)
]]>
    </error>
  </testcase> <!-- GotTheRightUrlWhenClickingOnProfessionalCarsLink -->
  <testcase name="GotTheRightUrlWhenClickingOnUsedCarsLink" time="0.002" classname="Citroën.HPCompESTest">
    <error type="org.openqa.selenium.SessionNotCreatedException" message="session not created
from disconnected: received Inspector.detached event
  (Session info: chrome=77.0.3865.90)
Build info: version: &#039;3.9.1&#039;, revision: &#039;63f7b50&#039;, time: &#039;2018-02-07T22:42:28.403Z&#039;
System info: host: &#039;B1009809&#039;, ip: &#039;10.82.56.188&#039;, os.name: &#039;Windows 10&#039;, os.arch: &#039;amd64&#039;, os.version: &#039;10.0&#039;, java.version: &#039;1.8.0_181&#039;
Driver info: driver.version: ChromeDriver
remote stacktrace: Backtrace:
	Ordinal0 [0x0116EB13+1501971]
	Ordinal0 [0x010EF6D1+980689]
	Ordinal0 [0x0107765F+489055]
	Ordinal0 [0x010702B5+459445]
	Ordinal0 [0x0106FEA4+458404]
	Ordinal0 [0x0106FA1D+457245]
	Ordinal0 [0x0106F21D+455197]
	Ordinal0 [0x0106EDE4+454116]
	Ordinal0 [0x0106EDA5+454053]
	Ordinal0 [0x010736A9+472745]
	Ordinal0 [0x0106ED5C+453980]
	Ordinal0 [0x0106F6D1+456401]
	Ordinal0 [0x0106F21D+455197]
	Ordinal0 [0x0106EDE4+454116]
	Ordinal0 [0x0106EDA5+454053]
	Ordinal0 [0x01072C67+470119]
	Ordinal0 [0x0106ED5C+453980]
	Ordinal0 [0x0106F6D1+456401]
	Ordinal0 [0x0106F21D+455197]
	Ordinal0 [0x0106EDE4+454116]
	Ordinal0 [0x0106EDA5+454053]
	Ordinal0 [0x0106BA0C+440844]
	Ordinal0 [0x0106ED5C+453980]
	Ordinal0 [0x0106EC44+453700]
	Ordinal0 [0x01078330+492336]
	Ordinal0 [0x0102A108+172296]
	Ordinal0 [0x0102942D+169005]
	Ordinal0 [0x010278EB+162027]
	Ordinal0 [0x01010AC7+68295]
	Ordinal0 [0x01011B40+72512]
	Ordinal0 [0x01011AD9+72409]
	Ordinal0 [0x01108F37+1085239]
	GetHandleVerifier [0x0120D7ED+503293]
	GetHandleVerifier [0x0120D580+502672]
	GetHandleVerifier [0x012146AC+531644]
	GetHandleVerifier [0x0120DFFA+505354]
	Ordinal0 [0x01100606+1050118]
	Ordinal0 [0x0110047F+1049727]
	Ordinal0 [0x0110AF9B+1093531]
	Ordinal0 [0x0110B103+1093891]
	Ordinal0 [0x0110A095+1089685]
	BaseThreadInitThunk [0x76AB62C4+36]
	RtlSubscribeWnfStateChangeNotification [0x77481F69+1081]
	RtlSubscribeWnfStateChangeNotification [0x77481F34+1028]
">
      <![CDATA[org.openqa.selenium.SessionNotCreatedException: session not created
from disconnected: received Inspector.detached event
  (Session info: chrome=77.0.3865.90)
Build info: version: '3.9.1', revision: '63f7b50', time: '2018-02-07T22:42:28.403Z'
System info: host: 'B1009809', ip: '10.82.56.188', os.name: 'Windows 10', os.arch: 'amd64', os.version: '10.0', java.version: '1.8.0_181'
Driver info: driver.version: ChromeDriver
remote stacktrace: Backtrace:
	Ordinal0 [0x0116EB13+1501971]
	Ordinal0 [0x010EF6D1+980689]
	Ordinal0 [0x0107765F+489055]
	Ordinal0 [0x010702B5+459445]
	Ordinal0 [0x0106FEA4+458404]
	Ordinal0 [0x0106FA1D+457245]
	Ordinal0 [0x0106F21D+455197]
	Ordinal0 [0x0106EDE4+454116]
	Ordinal0 [0x0106EDA5+454053]
	Ordinal0 [0x010736A9+472745]
	Ordinal0 [0x0106ED5C+453980]
	Ordinal0 [0x0106F6D1+456401]
	Ordinal0 [0x0106F21D+455197]
	Ordinal0 [0x0106EDE4+454116]
	Ordinal0 [0x0106EDA5+454053]
	Ordinal0 [0x01072C67+470119]
	Ordinal0 [0x0106ED5C+453980]
	Ordinal0 [0x0106F6D1+456401]
	Ordinal0 [0x0106F21D+455197]
	Ordinal0 [0x0106EDE4+454116]
	Ordinal0 [0x0106EDA5+454053]
	Ordinal0 [0x0106BA0C+440844]
	Ordinal0 [0x0106ED5C+453980]
	Ordinal0 [0x0106EC44+453700]
	Ordinal0 [0x01078330+492336]
	Ordinal0 [0x0102A108+172296]
	Ordinal0 [0x0102942D+169005]
	Ordinal0 [0x010278EB+162027]
	Ordinal0 [0x01010AC7+68295]
	Ordinal0 [0x01011B40+72512]
	Ordinal0 [0x01011AD9+72409]
	Ordinal0 [0x01108F37+1085239]
	GetHandleVerifier [0x0120D7ED+503293]
	GetHandleVerifier [0x0120D580+502672]
	GetHandleVerifier [0x012146AC+531644]
	GetHandleVerifier [0x0120DFFA+505354]
	Ordinal0 [0x01100606+1050118]
	Ordinal0 [0x0110047F+1049727]
	Ordinal0 [0x0110AF9B+1093531]
	Ordinal0 [0x0110B103+1093891]
	Ordinal0 [0x0110A095+1089685]
	BaseThreadInitThunk [0x76AB62C4+36]
	RtlSubscribeWnfStateChangeNotification [0x77481F69+1081]
	RtlSubscribeWnfStateChangeNotification [0x77481F34+1028]

	at sun.reflect.NativeConstructorAccessorImpl.newInstance0(Native Method)
	at sun.reflect.NativeConstructorAccessorImpl.newInstance(NativeConstructorAccessorImpl.java:62)
	at sun.reflect.DelegatingConstructorAccessorImpl.newInstance(DelegatingConstructorAccessorImpl.java:45)
	at java.lang.reflect.Constructor.newInstance(Constructor.java:423)
	at org.openqa.selenium.remote.W3CHandshakeResponse.lambda$new$0(W3CHandshakeResponse.java:57)
	at org.openqa.selenium.remote.W3CHandshakeResponse.lambda$getResponseFunction$2(W3CHandshakeResponse.java:104)
	at org.openqa.selenium.remote.ProtocolHandshake.lambda$createSession$0(ProtocolHandshake.java:123)
	at java.util.stream.ReferencePipeline$3$1.accept(ReferencePipeline.java:193)
	at java.util.Spliterators$ArraySpliterator.tryAdvance(Spliterators.java:958)
	at java.util.stream.ReferencePipeline.forEachWithCancel(ReferencePipeline.java:126)
	at java.util.stream.AbstractPipeline.copyIntoWithCancel(AbstractPipeline.java:498)
	at java.util.stream.AbstractPipeline.copyInto(AbstractPipeline.java:485)
	at java.util.stream.AbstractPipeline.wrapAndCopyInto(AbstractPipeline.java:471)
	at java.util.stream.FindOps$FindOp.evaluateSequential(FindOps.java:152)
	at java.util.stream.AbstractPipeline.evaluate(AbstractPipeline.java:234)
	at java.util.stream.ReferencePipeline.findFirst(ReferencePipeline.java:464)
	at org.openqa.selenium.remote.ProtocolHandshake.createSession(ProtocolHandshake.java:126)
	at org.openqa.selenium.remote.ProtocolHandshake.createSession(ProtocolHandshake.java:73)
	at org.openqa.selenium.remote.HttpCommandExecutor.execute(HttpCommandExecutor.java:138)
	at org.openqa.selenium.remote.service.DriverCommandExecutor.execute(DriverCommandExecutor.java:83)
	at org.openqa.selenium.remote.RemoteWebDriver.execute(RemoteWebDriver.java:601)
	at org.openqa.selenium.remote.RemoteWebDriver.startSession(RemoteWebDriver.java:219)
	at org.openqa.selenium.remote.RemoteWebDriver.<init>(RemoteWebDriver.java:142)
	at org.openqa.selenium.chrome.ChromeDriver.<init>(ChromeDriver.java:181)
	at org.openqa.selenium.chrome.ChromeDriver.<init>(ChromeDriver.java:147)
	at Utilities.InitialiseDrivers.InitialiseChromDriver(InitialiseDrivers.java:24)
	at Citroën.HPCompESTest.BeforeTest(HPCompESTest.java:26)
	at sun.reflect.NativeMethodAccessorImpl.invoke0(Native Method)
	at sun.reflect.NativeMethodAccessorImpl.invoke(NativeMethodAccessorImpl.java:62)
	at sun.reflect.DelegatingMethodAccessorImpl.invoke(DelegatingMethodAccessorImpl.java:43)
	at java.lang.reflect.Method.invoke(Method.java:498)
	at org.testng.internal.MethodInvocationHelper.invokeMethod(MethodInvocationHelper.java:86)
	at org.testng.internal.Invoker.invokeConfigurationMethod(Invoker.java:514)
	at org.testng.internal.Invoker.invokeConfigurations(Invoker.java:215)
	at org.testng.internal.Invoker.invokeConfigurations(Invoker.java:142)
	at org.testng.SuiteRunner.privateRun(SuiteRunner.java:305)
	at org.testng.SuiteRunner.run(SuiteRunner.java:268)
	at org.testng.SuiteRunnerWorker.runSuite(SuiteRunnerWorker.java:52)
	at org.testng.SuiteRunnerWorker.run(SuiteRunnerWorker.java:86)
	at org.testng.TestNG.runSuitesSequentially(TestNG.java:1244)
	at org.testng.TestNG.runSuitesLocally(TestNG.java:1169)
	at org.testng.TestNG.run(TestNG.java:1064)
	at org.testng.remote.AbstractRemoteTestNG.run(AbstractRemoteTestNG.java:114)
	at org.testng.remote.RemoteTestNG.initAndRun(RemoteTestNG.java:251)
	at org.testng.remote.RemoteTestNG.main(RemoteTestNG.java:77)
]]>
    </error>
  </testcase> <!-- GotTheRightUrlWhenClickingOnUsedCarsLink -->
  <testcase name="GotFacebookPageWhenClickingTheFacebookIcone" time="0.002" classname="Citroën.HPCompESTest">
    <error type="org.openqa.selenium.SessionNotCreatedException" message="session not created
from disconnected: received Inspector.detached event
  (Session info: chrome=77.0.3865.90)
Build info: version: &#039;3.9.1&#039;, revision: &#039;63f7b50&#039;, time: &#039;2018-02-07T22:42:28.403Z&#039;
System info: host: &#039;B1009809&#039;, ip: &#039;10.82.56.188&#039;, os.name: &#039;Windows 10&#039;, os.arch: &#039;amd64&#039;, os.version: &#039;10.0&#039;, java.version: &#039;1.8.0_181&#039;
Driver info: driver.version: ChromeDriver
remote stacktrace: Backtrace:
	Ordinal0 [0x0116EB13+1501971]
	Ordinal0 [0x010EF6D1+980689]
	Ordinal0 [0x0107765F+489055]
	Ordinal0 [0x010702B5+459445]
	Ordinal0 [0x0106FEA4+458404]
	Ordinal0 [0x0106FA1D+457245]
	Ordinal0 [0x0106F21D+455197]
	Ordinal0 [0x0106EDE4+454116]
	Ordinal0 [0x0106EDA5+454053]
	Ordinal0 [0x010736A9+472745]
	Ordinal0 [0x0106ED5C+453980]
	Ordinal0 [0x0106F6D1+456401]
	Ordinal0 [0x0106F21D+455197]
	Ordinal0 [0x0106EDE4+454116]
	Ordinal0 [0x0106EDA5+454053]
	Ordinal0 [0x01072C67+470119]
	Ordinal0 [0x0106ED5C+453980]
	Ordinal0 [0x0106F6D1+456401]
	Ordinal0 [0x0106F21D+455197]
	Ordinal0 [0x0106EDE4+454116]
	Ordinal0 [0x0106EDA5+454053]
	Ordinal0 [0x0106BA0C+440844]
	Ordinal0 [0x0106ED5C+453980]
	Ordinal0 [0x0106EC44+453700]
	Ordinal0 [0x01078330+492336]
	Ordinal0 [0x0102A108+172296]
	Ordinal0 [0x0102942D+169005]
	Ordinal0 [0x010278EB+162027]
	Ordinal0 [0x01010AC7+68295]
	Ordinal0 [0x01011B40+72512]
	Ordinal0 [0x01011AD9+72409]
	Ordinal0 [0x01108F37+1085239]
	GetHandleVerifier [0x0120D7ED+503293]
	GetHandleVerifier [0x0120D580+502672]
	GetHandleVerifier [0x012146AC+531644]
	GetHandleVerifier [0x0120DFFA+505354]
	Ordinal0 [0x01100606+1050118]
	Ordinal0 [0x0110047F+1049727]
	Ordinal0 [0x0110AF9B+1093531]
	Ordinal0 [0x0110B103+1093891]
	Ordinal0 [0x0110A095+1089685]
	BaseThreadInitThunk [0x76AB62C4+36]
	RtlSubscribeWnfStateChangeNotification [0x77481F69+1081]
	RtlSubscribeWnfStateChangeNotification [0x77481F34+1028]
">
      <![CDATA[org.openqa.selenium.SessionNotCreatedException: session not created
from disconnected: received Inspector.detached event
  (Session info: chrome=77.0.3865.90)
Build info: version: '3.9.1', revision: '63f7b50', time: '2018-02-07T22:42:28.403Z'
System info: host: 'B1009809', ip: '10.82.56.188', os.name: 'Windows 10', os.arch: 'amd64', os.version: '10.0', java.version: '1.8.0_181'
Driver info: driver.version: ChromeDriver
remote stacktrace: Backtrace:
	Ordinal0 [0x0116EB13+1501971]
	Ordinal0 [0x010EF6D1+980689]
	Ordinal0 [0x0107765F+489055]
	Ordinal0 [0x010702B5+459445]
	Ordinal0 [0x0106FEA4+458404]
	Ordinal0 [0x0106FA1D+457245]
	Ordinal0 [0x0106F21D+455197]
	Ordinal0 [0x0106EDE4+454116]
	Ordinal0 [0x0106EDA5+454053]
	Ordinal0 [0x010736A9+472745]
	Ordinal0 [0x0106ED5C+453980]
	Ordinal0 [0x0106F6D1+456401]
	Ordinal0 [0x0106F21D+455197]
	Ordinal0 [0x0106EDE4+454116]
	Ordinal0 [0x0106EDA5+454053]
	Ordinal0 [0x01072C67+470119]
	Ordinal0 [0x0106ED5C+453980]
	Ordinal0 [0x0106F6D1+456401]
	Ordinal0 [0x0106F21D+455197]
	Ordinal0 [0x0106EDE4+454116]
	Ordinal0 [0x0106EDA5+454053]
	Ordinal0 [0x0106BA0C+440844]
	Ordinal0 [0x0106ED5C+453980]
	Ordinal0 [0x0106EC44+453700]
	Ordinal0 [0x01078330+492336]
	Ordinal0 [0x0102A108+172296]
	Ordinal0 [0x0102942D+169005]
	Ordinal0 [0x010278EB+162027]
	Ordinal0 [0x01010AC7+68295]
	Ordinal0 [0x01011B40+72512]
	Ordinal0 [0x01011AD9+72409]
	Ordinal0 [0x01108F37+1085239]
	GetHandleVerifier [0x0120D7ED+503293]
	GetHandleVerifier [0x0120D580+502672]
	GetHandleVerifier [0x012146AC+531644]
	GetHandleVerifier [0x0120DFFA+505354]
	Ordinal0 [0x01100606+1050118]
	Ordinal0 [0x0110047F+1049727]
	Ordinal0 [0x0110AF9B+1093531]
	Ordinal0 [0x0110B103+1093891]
	Ordinal0 [0x0110A095+1089685]
	BaseThreadInitThunk [0x76AB62C4+36]
	RtlSubscribeWnfStateChangeNotification [0x77481F69+1081]
	RtlSubscribeWnfStateChangeNotification [0x77481F34+1028]

	at sun.reflect.NativeConstructorAccessorImpl.newInstance0(Native Method)
	at sun.reflect.NativeConstructorAccessorImpl.newInstance(NativeConstructorAccessorImpl.java:62)
	at sun.reflect.DelegatingConstructorAccessorImpl.newInstance(DelegatingConstructorAccessorImpl.java:45)
	at java.lang.reflect.Constructor.newInstance(Constructor.java:423)
	at org.openqa.selenium.remote.W3CHandshakeResponse.lambda$new$0(W3CHandshakeResponse.java:57)
	at org.openqa.selenium.remote.W3CHandshakeResponse.lambda$getResponseFunction$2(W3CHandshakeResponse.java:104)
	at org.openqa.selenium.remote.ProtocolHandshake.lambda$createSession$0(ProtocolHandshake.java:123)
	at java.util.stream.ReferencePipeline$3$1.accept(ReferencePipeline.java:193)
	at java.util.Spliterators$ArraySpliterator.tryAdvance(Spliterators.java:958)
	at java.util.stream.ReferencePipeline.forEachWithCancel(ReferencePipeline.java:126)
	at java.util.stream.AbstractPipeline.copyIntoWithCancel(AbstractPipeline.java:498)
	at java.util.stream.AbstractPipeline.copyInto(AbstractPipeline.java:485)
	at java.util.stream.AbstractPipeline.wrapAndCopyInto(AbstractPipeline.java:471)
	at java.util.stream.FindOps$FindOp.evaluateSequential(FindOps.java:152)
	at java.util.stream.AbstractPipeline.evaluate(AbstractPipeline.java:234)
	at java.util.stream.ReferencePipeline.findFirst(ReferencePipeline.java:464)
	at org.openqa.selenium.remote.ProtocolHandshake.createSession(ProtocolHandshake.java:126)
	at org.openqa.selenium.remote.ProtocolHandshake.createSession(ProtocolHandshake.java:73)
	at org.openqa.selenium.remote.HttpCommandExecutor.execute(HttpCommandExecutor.java:138)
	at org.openqa.selenium.remote.service.DriverCommandExecutor.execute(DriverCommandExecutor.java:83)
	at org.openqa.selenium.remote.RemoteWebDriver.execute(RemoteWebDriver.java:601)
	at org.openqa.selenium.remote.RemoteWebDriver.startSession(RemoteWebDriver.java:219)
	at org.openqa.selenium.remote.RemoteWebDriver.<init>(RemoteWebDriver.java:142)
	at org.openqa.selenium.chrome.ChromeDriver.<init>(ChromeDriver.java:181)
	at org.openqa.selenium.chrome.ChromeDriver.<init>(ChromeDriver.java:147)
	at Utilities.InitialiseDrivers.InitialiseChromDriver(InitialiseDrivers.java:24)
	at Citroën.HPCompESTest.BeforeTest(HPCompESTest.java:26)
	at sun.reflect.NativeMethodAccessorImpl.invoke0(Native Method)
	at sun.reflect.NativeMethodAccessorImpl.invoke(NativeMethodAccessorImpl.java:62)
	at sun.reflect.DelegatingMethodAccessorImpl.invoke(DelegatingMethodAccessorImpl.java:43)
	at java.lang.reflect.Method.invoke(Method.java:498)
	at org.testng.internal.MethodInvocationHelper.invokeMethod(MethodInvocationHelper.java:86)
	at org.testng.internal.Invoker.invokeConfigurationMethod(Invoker.java:514)
	at org.testng.internal.Invoker.invokeConfigurations(Invoker.java:215)
	at org.testng.internal.Invoker.invokeConfigurations(Invoker.java:142)
	at org.testng.SuiteRunner.privateRun(SuiteRunner.java:305)
	at org.testng.SuiteRunner.run(SuiteRunner.java:268)
	at org.testng.SuiteRunnerWorker.runSuite(SuiteRunnerWorker.java:52)
	at org.testng.SuiteRunnerWorker.run(SuiteRunnerWorker.java:86)
	at org.testng.TestNG.runSuitesSequentially(TestNG.java:1244)
	at org.testng.TestNG.runSuitesLocally(TestNG.java:1169)
	at org.testng.TestNG.run(TestNG.java:1064)
	at org.testng.remote.AbstractRemoteTestNG.run(AbstractRemoteTestNG.java:114)
	at org.testng.remote.RemoteTestNG.initAndRun(RemoteTestNG.java:251)
	at org.testng.remote.RemoteTestNG.main(RemoteTestNG.java:77)
]]>
    </error>
  </testcase> <!-- GotFacebookPageWhenClickingTheFacebookIcone -->
  <testcase name="ThePeugeotLogoIsDisplayed" time="0.002" classname="Citroën.HPCompESTest">
    <error type="org.openqa.selenium.SessionNotCreatedException" message="session not created
from disconnected: received Inspector.detached event
  (Session info: chrome=77.0.3865.90)
Build info: version: &#039;3.9.1&#039;, revision: &#039;63f7b50&#039;, time: &#039;2018-02-07T22:42:28.403Z&#039;
System info: host: &#039;B1009809&#039;, ip: &#039;10.82.56.188&#039;, os.name: &#039;Windows 10&#039;, os.arch: &#039;amd64&#039;, os.version: &#039;10.0&#039;, java.version: &#039;1.8.0_181&#039;
Driver info: driver.version: ChromeDriver
remote stacktrace: Backtrace:
	Ordinal0 [0x0116EB13+1501971]
	Ordinal0 [0x010EF6D1+980689]
	Ordinal0 [0x0107765F+489055]
	Ordinal0 [0x010702B5+459445]
	Ordinal0 [0x0106FEA4+458404]
	Ordinal0 [0x0106FA1D+457245]
	Ordinal0 [0x0106F21D+455197]
	Ordinal0 [0x0106EDE4+454116]
	Ordinal0 [0x0106EDA5+454053]
	Ordinal0 [0x010736A9+472745]
	Ordinal0 [0x0106ED5C+453980]
	Ordinal0 [0x0106F6D1+456401]
	Ordinal0 [0x0106F21D+455197]
	Ordinal0 [0x0106EDE4+454116]
	Ordinal0 [0x0106EDA5+454053]
	Ordinal0 [0x01072C67+470119]
	Ordinal0 [0x0106ED5C+453980]
	Ordinal0 [0x0106F6D1+456401]
	Ordinal0 [0x0106F21D+455197]
	Ordinal0 [0x0106EDE4+454116]
	Ordinal0 [0x0106EDA5+454053]
	Ordinal0 [0x0106BA0C+440844]
	Ordinal0 [0x0106ED5C+453980]
	Ordinal0 [0x0106EC44+453700]
	Ordinal0 [0x01078330+492336]
	Ordinal0 [0x0102A108+172296]
	Ordinal0 [0x0102942D+169005]
	Ordinal0 [0x010278EB+162027]
	Ordinal0 [0x01010AC7+68295]
	Ordinal0 [0x01011B40+72512]
	Ordinal0 [0x01011AD9+72409]
	Ordinal0 [0x01108F37+1085239]
	GetHandleVerifier [0x0120D7ED+503293]
	GetHandleVerifier [0x0120D580+502672]
	GetHandleVerifier [0x012146AC+531644]
	GetHandleVerifier [0x0120DFFA+505354]
	Ordinal0 [0x01100606+1050118]
	Ordinal0 [0x0110047F+1049727]
	Ordinal0 [0x0110AF9B+1093531]
	Ordinal0 [0x0110B103+1093891]
	Ordinal0 [0x0110A095+1089685]
	BaseThreadInitThunk [0x76AB62C4+36]
	RtlSubscribeWnfStateChangeNotification [0x77481F69+1081]
	RtlSubscribeWnfStateChangeNotification [0x77481F34+1028]
">
      <![CDATA[org.openqa.selenium.SessionNotCreatedException: session not created
from disconnected: received Inspector.detached event
  (Session info: chrome=77.0.3865.90)
Build info: version: '3.9.1', revision: '63f7b50', time: '2018-02-07T22:42:28.403Z'
System info: host: 'B1009809', ip: '10.82.56.188', os.name: 'Windows 10', os.arch: 'amd64', os.version: '10.0', java.version: '1.8.0_181'
Driver info: driver.version: ChromeDriver
remote stacktrace: Backtrace:
	Ordinal0 [0x0116EB13+1501971]
	Ordinal0 [0x010EF6D1+980689]
	Ordinal0 [0x0107765F+489055]
	Ordinal0 [0x010702B5+459445]
	Ordinal0 [0x0106FEA4+458404]
	Ordinal0 [0x0106FA1D+457245]
	Ordinal0 [0x0106F21D+455197]
	Ordinal0 [0x0106EDE4+454116]
	Ordinal0 [0x0106EDA5+454053]
	Ordinal0 [0x010736A9+472745]
	Ordinal0 [0x0106ED5C+453980]
	Ordinal0 [0x0106F6D1+456401]
	Ordinal0 [0x0106F21D+455197]
	Ordinal0 [0x0106EDE4+454116]
	Ordinal0 [0x0106EDA5+454053]
	Ordinal0 [0x01072C67+470119]
	Ordinal0 [0x0106ED5C+453980]
	Ordinal0 [0x0106F6D1+456401]
	Ordinal0 [0x0106F21D+455197]
	Ordinal0 [0x0106EDE4+454116]
	Ordinal0 [0x0106EDA5+454053]
	Ordinal0 [0x0106BA0C+440844]
	Ordinal0 [0x0106ED5C+453980]
	Ordinal0 [0x0106EC44+453700]
	Ordinal0 [0x01078330+492336]
	Ordinal0 [0x0102A108+172296]
	Ordinal0 [0x0102942D+169005]
	Ordinal0 [0x010278EB+162027]
	Ordinal0 [0x01010AC7+68295]
	Ordinal0 [0x01011B40+72512]
	Ordinal0 [0x01011AD9+72409]
	Ordinal0 [0x01108F37+1085239]
	GetHandleVerifier [0x0120D7ED+503293]
	GetHandleVerifier [0x0120D580+502672]
	GetHandleVerifier [0x012146AC+531644]
	GetHandleVerifier [0x0120DFFA+505354]
	Ordinal0 [0x01100606+1050118]
	Ordinal0 [0x0110047F+1049727]
	Ordinal0 [0x0110AF9B+1093531]
	Ordinal0 [0x0110B103+1093891]
	Ordinal0 [0x0110A095+1089685]
	BaseThreadInitThunk [0x76AB62C4+36]
	RtlSubscribeWnfStateChangeNotification [0x77481F69+1081]
	RtlSubscribeWnfStateChangeNotification [0x77481F34+1028]

	at sun.reflect.NativeConstructorAccessorImpl.newInstance0(Native Method)
	at sun.reflect.NativeConstructorAccessorImpl.newInstance(NativeConstructorAccessorImpl.java:62)
	at sun.reflect.DelegatingConstructorAccessorImpl.newInstance(DelegatingConstructorAccessorImpl.java:45)
	at java.lang.reflect.Constructor.newInstance(Constructor.java:423)
	at org.openqa.selenium.remote.W3CHandshakeResponse.lambda$new$0(W3CHandshakeResponse.java:57)
	at org.openqa.selenium.remote.W3CHandshakeResponse.lambda$getResponseFunction$2(W3CHandshakeResponse.java:104)
	at org.openqa.selenium.remote.ProtocolHandshake.lambda$createSession$0(ProtocolHandshake.java:123)
	at java.util.stream.ReferencePipeline$3$1.accept(ReferencePipeline.java:193)
	at java.util.Spliterators$ArraySpliterator.tryAdvance(Spliterators.java:958)
	at java.util.stream.ReferencePipeline.forEachWithCancel(ReferencePipeline.java:126)
	at java.util.stream.AbstractPipeline.copyIntoWithCancel(AbstractPipeline.java:498)
	at java.util.stream.AbstractPipeline.copyInto(AbstractPipeline.java:485)
	at java.util.stream.AbstractPipeline.wrapAndCopyInto(AbstractPipeline.java:471)
	at java.util.stream.FindOps$FindOp.evaluateSequential(FindOps.java:152)
	at java.util.stream.AbstractPipeline.evaluate(AbstractPipeline.java:234)
	at java.util.stream.ReferencePipeline.findFirst(ReferencePipeline.java:464)
	at org.openqa.selenium.remote.ProtocolHandshake.createSession(ProtocolHandshake.java:126)
	at org.openqa.selenium.remote.ProtocolHandshake.createSession(ProtocolHandshake.java:73)
	at org.openqa.selenium.remote.HttpCommandExecutor.execute(HttpCommandExecutor.java:138)
	at org.openqa.selenium.remote.service.DriverCommandExecutor.execute(DriverCommandExecutor.java:83)
	at org.openqa.selenium.remote.RemoteWebDriver.execute(RemoteWebDriver.java:601)
	at org.openqa.selenium.remote.RemoteWebDriver.startSession(RemoteWebDriver.java:219)
	at org.openqa.selenium.remote.RemoteWebDriver.<init>(RemoteWebDriver.java:142)
	at org.openqa.selenium.chrome.ChromeDriver.<init>(ChromeDriver.java:181)
	at org.openqa.selenium.chrome.ChromeDriver.<init>(ChromeDriver.java:147)
	at Utilities.InitialiseDrivers.InitialiseChromDriver(InitialiseDrivers.java:24)
	at Citroën.HPCompESTest.BeforeTest(HPCompESTest.java:26)
	at sun.reflect.NativeMethodAccessorImpl.invoke0(Native Method)
	at sun.reflect.NativeMethodAccessorImpl.invoke(NativeMethodAccessorImpl.java:62)
	at sun.reflect.DelegatingMethodAccessorImpl.invoke(DelegatingMethodAccessorImpl.java:43)
	at java.lang.reflect.Method.invoke(Method.java:498)
	at org.testng.internal.MethodInvocationHelper.invokeMethod(MethodInvocationHelper.java:86)
	at org.testng.internal.Invoker.invokeConfigurationMethod(Invoker.java:514)
	at org.testng.internal.Invoker.invokeConfigurations(Invoker.java:215)
	at org.testng.internal.Invoker.invokeConfigurations(Invoker.java:142)
	at org.testng.SuiteRunner.privateRun(SuiteRunner.java:305)
	at org.testng.SuiteRunner.run(SuiteRunner.java:268)
	at org.testng.SuiteRunnerWorker.runSuite(SuiteRunnerWorker.java:52)
	at org.testng.SuiteRunnerWorker.run(SuiteRunnerWorker.java:86)
	at org.testng.TestNG.runSuitesSequentially(TestNG.java:1244)
	at org.testng.TestNG.runSuitesLocally(TestNG.java:1169)
	at org.testng.TestNG.run(TestNG.java:1064)
	at org.testng.remote.AbstractRemoteTestNG.run(AbstractRemoteTestNG.java:114)
	at org.testng.remote.RemoteTestNG.initAndRun(RemoteTestNG.java:251)
	at org.testng.remote.RemoteTestNG.main(RemoteTestNG.java:77)
]]>
    </error>
  </testcase> <!-- ThePeugeotLogoIsDisplayed -->
  <testcase name="TheTextUnderThePageTitleIsCorrect" time="0.002" classname="Citroën.HPCompESTest">
    <error type="org.openqa.selenium.SessionNotCreatedException" message="session not created
from disconnected: received Inspector.detached event
  (Session info: chrome=77.0.3865.90)
Build info: version: &#039;3.9.1&#039;, revision: &#039;63f7b50&#039;, time: &#039;2018-02-07T22:42:28.403Z&#039;
System info: host: &#039;B1009809&#039;, ip: &#039;10.82.56.188&#039;, os.name: &#039;Windows 10&#039;, os.arch: &#039;amd64&#039;, os.version: &#039;10.0&#039;, java.version: &#039;1.8.0_181&#039;
Driver info: driver.version: ChromeDriver
remote stacktrace: Backtrace:
	Ordinal0 [0x0116EB13+1501971]
	Ordinal0 [0x010EF6D1+980689]
	Ordinal0 [0x0107765F+489055]
	Ordinal0 [0x010702B5+459445]
	Ordinal0 [0x0106FEA4+458404]
	Ordinal0 [0x0106FA1D+457245]
	Ordinal0 [0x0106F21D+455197]
	Ordinal0 [0x0106EDE4+454116]
	Ordinal0 [0x0106EDA5+454053]
	Ordinal0 [0x010736A9+472745]
	Ordinal0 [0x0106ED5C+453980]
	Ordinal0 [0x0106F6D1+456401]
	Ordinal0 [0x0106F21D+455197]
	Ordinal0 [0x0106EDE4+454116]
	Ordinal0 [0x0106EDA5+454053]
	Ordinal0 [0x01072C67+470119]
	Ordinal0 [0x0106ED5C+453980]
	Ordinal0 [0x0106F6D1+456401]
	Ordinal0 [0x0106F21D+455197]
	Ordinal0 [0x0106EDE4+454116]
	Ordinal0 [0x0106EDA5+454053]
	Ordinal0 [0x0106BA0C+440844]
	Ordinal0 [0x0106ED5C+453980]
	Ordinal0 [0x0106EC44+453700]
	Ordinal0 [0x01078330+492336]
	Ordinal0 [0x0102A108+172296]
	Ordinal0 [0x0102942D+169005]
	Ordinal0 [0x010278EB+162027]
	Ordinal0 [0x01010AC7+68295]
	Ordinal0 [0x01011B40+72512]
	Ordinal0 [0x01011AD9+72409]
	Ordinal0 [0x01108F37+1085239]
	GetHandleVerifier [0x0120D7ED+503293]
	GetHandleVerifier [0x0120D580+502672]
	GetHandleVerifier [0x012146AC+531644]
	GetHandleVerifier [0x0120DFFA+505354]
	Ordinal0 [0x01100606+1050118]
	Ordinal0 [0x0110047F+1049727]
	Ordinal0 [0x0110AF9B+1093531]
	Ordinal0 [0x0110B103+1093891]
	Ordinal0 [0x0110A095+1089685]
	BaseThreadInitThunk [0x76AB62C4+36]
	RtlSubscribeWnfStateChangeNotification [0x77481F69+1081]
	RtlSubscribeWnfStateChangeNotification [0x77481F34+1028]
">
      <![CDATA[org.openqa.selenium.SessionNotCreatedException: session not created
from disconnected: received Inspector.detached event
  (Session info: chrome=77.0.3865.90)
Build info: version: '3.9.1', revision: '63f7b50', time: '2018-02-07T22:42:28.403Z'
System info: host: 'B1009809', ip: '10.82.56.188', os.name: 'Windows 10', os.arch: 'amd64', os.version: '10.0', java.version: '1.8.0_181'
Driver info: driver.version: ChromeDriver
remote stacktrace: Backtrace:
	Ordinal0 [0x0116EB13+1501971]
	Ordinal0 [0x010EF6D1+980689]
	Ordinal0 [0x0107765F+489055]
	Ordinal0 [0x010702B5+459445]
	Ordinal0 [0x0106FEA4+458404]
	Ordinal0 [0x0106FA1D+457245]
	Ordinal0 [0x0106F21D+455197]
	Ordinal0 [0x0106EDE4+454116]
	Ordinal0 [0x0106EDA5+454053]
	Ordinal0 [0x010736A9+472745]
	Ordinal0 [0x0106ED5C+453980]
	Ordinal0 [0x0106F6D1+456401]
	Ordinal0 [0x0106F21D+455197]
	Ordinal0 [0x0106EDE4+454116]
	Ordinal0 [0x0106EDA5+454053]
	Ordinal0 [0x01072C67+470119]
	Ordinal0 [0x0106ED5C+453980]
	Ordinal0 [0x0106F6D1+456401]
	Ordinal0 [0x0106F21D+455197]
	Ordinal0 [0x0106EDE4+454116]
	Ordinal0 [0x0106EDA5+454053]
	Ordinal0 [0x0106BA0C+440844]
	Ordinal0 [0x0106ED5C+453980]
	Ordinal0 [0x0106EC44+453700]
	Ordinal0 [0x01078330+492336]
	Ordinal0 [0x0102A108+172296]
	Ordinal0 [0x0102942D+169005]
	Ordinal0 [0x010278EB+162027]
	Ordinal0 [0x01010AC7+68295]
	Ordinal0 [0x01011B40+72512]
	Ordinal0 [0x01011AD9+72409]
	Ordinal0 [0x01108F37+1085239]
	GetHandleVerifier [0x0120D7ED+503293]
	GetHandleVerifier [0x0120D580+502672]
	GetHandleVerifier [0x012146AC+531644]
	GetHandleVerifier [0x0120DFFA+505354]
	Ordinal0 [0x01100606+1050118]
	Ordinal0 [0x0110047F+1049727]
	Ordinal0 [0x0110AF9B+1093531]
	Ordinal0 [0x0110B103+1093891]
	Ordinal0 [0x0110A095+1089685]
	BaseThreadInitThunk [0x76AB62C4+36]
	RtlSubscribeWnfStateChangeNotification [0x77481F69+1081]
	RtlSubscribeWnfStateChangeNotification [0x77481F34+1028]

	at sun.reflect.NativeConstructorAccessorImpl.newInstance0(Native Method)
	at sun.reflect.NativeConstructorAccessorImpl.newInstance(NativeConstructorAccessorImpl.java:62)
	at sun.reflect.DelegatingConstructorAccessorImpl.newInstance(DelegatingConstructorAccessorImpl.java:45)
	at java.lang.reflect.Constructor.newInstance(Constructor.java:423)
	at org.openqa.selenium.remote.W3CHandshakeResponse.lambda$new$0(W3CHandshakeResponse.java:57)
	at org.openqa.selenium.remote.W3CHandshakeResponse.lambda$getResponseFunction$2(W3CHandshakeResponse.java:104)
	at org.openqa.selenium.remote.ProtocolHandshake.lambda$createSession$0(ProtocolHandshake.java:123)
	at java.util.stream.ReferencePipeline$3$1.accept(ReferencePipeline.java:193)
	at java.util.Spliterators$ArraySpliterator.tryAdvance(Spliterators.java:958)
	at java.util.stream.ReferencePipeline.forEachWithCancel(ReferencePipeline.java:126)
	at java.util.stream.AbstractPipeline.copyIntoWithCancel(AbstractPipeline.java:498)
	at java.util.stream.AbstractPipeline.copyInto(AbstractPipeline.java:485)
	at java.util.stream.AbstractPipeline.wrapAndCopyInto(AbstractPipeline.java:471)
	at java.util.stream.FindOps$FindOp.evaluateSequential(FindOps.java:152)
	at java.util.stream.AbstractPipeline.evaluate(AbstractPipeline.java:234)
	at java.util.stream.ReferencePipeline.findFirst(ReferencePipeline.java:464)
	at org.openqa.selenium.remote.ProtocolHandshake.createSession(ProtocolHandshake.java:126)
	at org.openqa.selenium.remote.ProtocolHandshake.createSession(ProtocolHandshake.java:73)
	at org.openqa.selenium.remote.HttpCommandExecutor.execute(HttpCommandExecutor.java:138)
	at org.openqa.selenium.remote.service.DriverCommandExecutor.execute(DriverCommandExecutor.java:83)
	at org.openqa.selenium.remote.RemoteWebDriver.execute(RemoteWebDriver.java:601)
	at org.openqa.selenium.remote.RemoteWebDriver.startSession(RemoteWebDriver.java:219)
	at org.openqa.selenium.remote.RemoteWebDriver.<init>(RemoteWebDriver.java:142)
	at org.openqa.selenium.chrome.ChromeDriver.<init>(ChromeDriver.java:181)
	at org.openqa.selenium.chrome.ChromeDriver.<init>(ChromeDriver.java:147)
	at Utilities.InitialiseDrivers.InitialiseChromDriver(InitialiseDrivers.java:24)
	at Citroën.HPCompESTest.BeforeTest(HPCompESTest.java:26)
	at sun.reflect.NativeMethodAccessorImpl.invoke0(Native Method)
	at sun.reflect.NativeMethodAccessorImpl.invoke(NativeMethodAccessorImpl.java:62)
	at sun.reflect.DelegatingMethodAccessorImpl.invoke(DelegatingMethodAccessorImpl.java:43)
	at java.lang.reflect.Method.invoke(Method.java:498)
	at org.testng.internal.MethodInvocationHelper.invokeMethod(MethodInvocationHelper.java:86)
	at org.testng.internal.Invoker.invokeConfigurationMethod(Invoker.java:514)
	at org.testng.internal.Invoker.invokeConfigurations(Invoker.java:215)
	at org.testng.internal.Invoker.invokeConfigurations(Invoker.java:142)
	at org.testng.SuiteRunner.privateRun(SuiteRunner.java:305)
	at org.testng.SuiteRunner.run(SuiteRunner.java:268)
	at org.testng.SuiteRunnerWorker.runSuite(SuiteRunnerWorker.java:52)
	at org.testng.SuiteRunnerWorker.run(SuiteRunnerWorker.java:86)
	at org.testng.TestNG.runSuitesSequentially(TestNG.java:1244)
	at org.testng.TestNG.runSuitesLocally(TestNG.java:1169)
	at org.testng.TestNG.run(TestNG.java:1064)
	at org.testng.remote.AbstractRemoteTestNG.run(AbstractRemoteTestNG.java:114)
	at org.testng.remote.RemoteTestNG.initAndRun(RemoteTestNG.java:251)
	at org.testng.remote.RemoteTestNG.main(RemoteTestNG.java:77)
]]>
    </error>
  </testcase> <!-- TheTextUnderThePageTitleIsCorrect -->
  <testcase name="GotTheRightUrlWhenClickingOnTheDealersLink" time="0.006" classname="Citroën.HPCompESTest">
    <error type="org.openqa.selenium.SessionNotCreatedException" message="session not created
from disconnected: received Inspector.detached event
  (Session info: chrome=77.0.3865.90)
Build info: version: &#039;3.9.1&#039;, revision: &#039;63f7b50&#039;, time: &#039;2018-02-07T22:42:28.403Z&#039;
System info: host: &#039;B1009809&#039;, ip: &#039;10.82.56.188&#039;, os.name: &#039;Windows 10&#039;, os.arch: &#039;amd64&#039;, os.version: &#039;10.0&#039;, java.version: &#039;1.8.0_181&#039;
Driver info: driver.version: ChromeDriver
remote stacktrace: Backtrace:
	Ordinal0 [0x0116EB13+1501971]
	Ordinal0 [0x010EF6D1+980689]
	Ordinal0 [0x0107765F+489055]
	Ordinal0 [0x010702B5+459445]
	Ordinal0 [0x0106FEA4+458404]
	Ordinal0 [0x0106FA1D+457245]
	Ordinal0 [0x0106F21D+455197]
	Ordinal0 [0x0106EDE4+454116]
	Ordinal0 [0x0106EDA5+454053]
	Ordinal0 [0x010736A9+472745]
	Ordinal0 [0x0106ED5C+453980]
	Ordinal0 [0x0106F6D1+456401]
	Ordinal0 [0x0106F21D+455197]
	Ordinal0 [0x0106EDE4+454116]
	Ordinal0 [0x0106EDA5+454053]
	Ordinal0 [0x01072C67+470119]
	Ordinal0 [0x0106ED5C+453980]
	Ordinal0 [0x0106F6D1+456401]
	Ordinal0 [0x0106F21D+455197]
	Ordinal0 [0x0106EDE4+454116]
	Ordinal0 [0x0106EDA5+454053]
	Ordinal0 [0x0106BA0C+440844]
	Ordinal0 [0x0106ED5C+453980]
	Ordinal0 [0x0106EC44+453700]
	Ordinal0 [0x01078330+492336]
	Ordinal0 [0x0102A108+172296]
	Ordinal0 [0x0102942D+169005]
	Ordinal0 [0x010278EB+162027]
	Ordinal0 [0x01010AC7+68295]
	Ordinal0 [0x01011B40+72512]
	Ordinal0 [0x01011AD9+72409]
	Ordinal0 [0x01108F37+1085239]
	GetHandleVerifier [0x0120D7ED+503293]
	GetHandleVerifier [0x0120D580+502672]
	GetHandleVerifier [0x012146AC+531644]
	GetHandleVerifier [0x0120DFFA+505354]
	Ordinal0 [0x01100606+1050118]
	Ordinal0 [0x0110047F+1049727]
	Ordinal0 [0x0110AF9B+1093531]
	Ordinal0 [0x0110B103+1093891]
	Ordinal0 [0x0110A095+1089685]
	BaseThreadInitThunk [0x76AB62C4+36]
	RtlSubscribeWnfStateChangeNotification [0x77481F69+1081]
	RtlSubscribeWnfStateChangeNotification [0x77481F34+1028]
">
      <![CDATA[org.openqa.selenium.SessionNotCreatedException: session not created
from disconnected: received Inspector.detached event
  (Session info: chrome=77.0.3865.90)
Build info: version: '3.9.1', revision: '63f7b50', time: '2018-02-07T22:42:28.403Z'
System info: host: 'B1009809', ip: '10.82.56.188', os.name: 'Windows 10', os.arch: 'amd64', os.version: '10.0', java.version: '1.8.0_181'
Driver info: driver.version: ChromeDriver
remote stacktrace: Backtrace:
	Ordinal0 [0x0116EB13+1501971]
	Ordinal0 [0x010EF6D1+980689]
	Ordinal0 [0x0107765F+489055]
	Ordinal0 [0x010702B5+459445]
	Ordinal0 [0x0106FEA4+458404]
	Ordinal0 [0x0106FA1D+457245]
	Ordinal0 [0x0106F21D+455197]
	Ordinal0 [0x0106EDE4+454116]
	Ordinal0 [0x0106EDA5+454053]
	Ordinal0 [0x010736A9+472745]
	Ordinal0 [0x0106ED5C+453980]
	Ordinal0 [0x0106F6D1+456401]
	Ordinal0 [0x0106F21D+455197]
	Ordinal0 [0x0106EDE4+454116]
	Ordinal0 [0x0106EDA5+454053]
	Ordinal0 [0x01072C67+470119]
	Ordinal0 [0x0106ED5C+453980]
	Ordinal0 [0x0106F6D1+456401]
	Ordinal0 [0x0106F21D+455197]
	Ordinal0 [0x0106EDE4+454116]
	Ordinal0 [0x0106EDA5+454053]
	Ordinal0 [0x0106BA0C+440844]
	Ordinal0 [0x0106ED5C+453980]
	Ordinal0 [0x0106EC44+453700]
	Ordinal0 [0x01078330+492336]
	Ordinal0 [0x0102A108+172296]
	Ordinal0 [0x0102942D+169005]
	Ordinal0 [0x010278EB+162027]
	Ordinal0 [0x01010AC7+68295]
	Ordinal0 [0x01011B40+72512]
	Ordinal0 [0x01011AD9+72409]
	Ordinal0 [0x01108F37+1085239]
	GetHandleVerifier [0x0120D7ED+503293]
	GetHandleVerifier [0x0120D580+502672]
	GetHandleVerifier [0x012146AC+531644]
	GetHandleVerifier [0x0120DFFA+505354]
	Ordinal0 [0x01100606+1050118]
	Ordinal0 [0x0110047F+1049727]
	Ordinal0 [0x0110AF9B+1093531]
	Ordinal0 [0x0110B103+1093891]
	Ordinal0 [0x0110A095+1089685]
	BaseThreadInitThunk [0x76AB62C4+36]
	RtlSubscribeWnfStateChangeNotification [0x77481F69+1081]
	RtlSubscribeWnfStateChangeNotification [0x77481F34+1028]

	at sun.reflect.NativeConstructorAccessorImpl.newInstance0(Native Method)
	at sun.reflect.NativeConstructorAccessorImpl.newInstance(NativeConstructorAccessorImpl.java:62)
	at sun.reflect.DelegatingConstructorAccessorImpl.newInstance(DelegatingConstructorAccessorImpl.java:45)
[...]
	Ordinal0 [0x010702B5+459445]
	Ordinal0 [0x0106FEA4+458404]
	Ordinal0 [0x0106FA1D+457245]
	Ordinal0 [0x0106F21D+455197]
	Ordinal0 [0x0106EDE4+454116]
	Ordinal0 [0x0106EDA5+454053]
	Ordinal0 [0x010736A9+472745]
	Ordinal0 [0x0106ED5C+453980]
	Ordinal0 [0x0106F6D1+456401]
	Ordinal0 [0x0106F21D+455197]
	Ordinal0 [0x0106EDE4+454116]
	Ordinal0 [0x0106EDA5+454053]
	Ordinal0 [0x01072C67+470119]
	Ordinal0 [0x0106ED5C+453980]
	Ordinal0 [0x0106F6D1+456401]
	Ordinal0 [0x0106F21D+455197]
	Ordinal0 [0x0106EDE4+454116]
	Ordinal0 [0x0106EDA5+454053]
	Ordinal0 [0x0106BA0C+440844]
	Ordinal0 [0x0106ED5C+453980]
	Ordinal0 [0x0106EC44+453700]
	Ordinal0 [0x01078330+492336]
	Ordinal0 [0x0102A108+172296]
	Ordinal0 [0x0102942D+169005]
	Ordinal0 [0x010278EB+162027]
	Ordinal0 [0x01010AC7+68295]
	Ordinal0 [0x01011B40+72512]
	Ordinal0 [0x01011AD9+72409]
	Ordinal0 [0x01108F37+1085239]
	GetHandleVerifier [0x0120D7ED+503293]
	GetHandleVerifier [0x0120D580+502672]
	GetHandleVerifier [0x012146AC+531644]
	GetHandleVerifier [0x0120DFFA+505354]
	Ordinal0 [0x01100606+1050118]
	Ordinal0 [0x0110047F+1049727]
	Ordinal0 [0x0110AF9B+1093531]
	Ordinal0 [0x0110B103+1093891]
	Ordinal0 [0x0110A095+1089685]
	BaseThreadInitThunk [0x76AB62C4+36]
	RtlSubscribeWnfStateChangeNotification [0x77481F69+1081]
	RtlSubscribeWnfStateChangeNotification [0x77481F34+1028]

	at sun.reflect.NativeConstructorAccessorImpl.newInstance0(Native Method)
	at sun.reflect.NativeConstructorAccessorImpl.newInstance(NativeConstructorAccessorImpl.java:62)
	at sun.reflect.DelegatingConstructorAccessorImpl.newInstance(DelegatingConstructorAccessorImpl.java:45)
	at java.lang.reflect.Constructor.newInstance(Constructor.java:423)
	at org.openqa.selenium.remote.W3CHandshakeResponse.lambda$new$0(W3CHandshakeResponse.java:57)
	at org.openqa.selenium.remote.W3CHandshakeResponse.lambda$getResponseFunction$2(W3CHandshakeResponse.java:104)
	at org.openqa.selenium.remote.ProtocolHandshake.lambda$createSession$0(ProtocolHandshake.java:123)
	at java.util.stream.ReferencePipeline$3$1.accept(ReferencePipeline.java:193)
	at java.util.Spliterators$ArraySpliterator.tryAdvance(Spliterators.java:958)
	at java.util.stream.ReferencePipeline.forEachWithCancel(ReferencePipeline.java:126)
	at java.util.stream.AbstractPipeline.copyIntoWithCancel(AbstractPipeline.java:498)
	at java.util.stream.AbstractPipeline.copyInto(AbstractPipeline.java:485)
	at java.util.stream.AbstractPipeline.wrapAndCopyInto(AbstractPipeline.java:471)
	at java.util.stream.FindOps$FindOp.evaluateSequential(FindOps.java:152)
	at java.util.stream.AbstractPipeline.evaluate(AbstractPipeline.java:234)
	at java.util.stream.ReferencePipeline.findFirst(ReferencePipeline.java:464)
	at org.openqa.selenium.remote.ProtocolHandshake.createSession(ProtocolHandshake.java:126)
	at org.openqa.selenium.remote.ProtocolHandshake.createSession(ProtocolHandshake.java:73)
	at org.openqa.selenium.remote.HttpCommandExecutor.execute(HttpCommandExecutor.java:138)
	at org.openqa.selenium.remote.service.DriverCommandExecutor.execute(DriverCommandExecutor.java:83)
	at org.openqa.selenium.remote.RemoteWebDriver.execute(RemoteWebDriver.java:601)
	at org.openqa.selenium.remote.RemoteWebDriver.startSession(RemoteWebDriver.java:219)
	at org.openqa.selenium.remote.RemoteWebDriver.<init>(RemoteWebDriver.java:142)
	at org.openqa.selenium.chrome.ChromeDriver.<init>(ChromeDriver.java:181)
	at org.openqa.selenium.chrome.ChromeDriver.<init>(ChromeDriver.java:147)
	at Utilities.InitialiseDrivers.InitialiseChromDriver(InitialiseDrivers.java:24)
	at Citroën.HPCompESTest.BeforeTest(HPCompESTest.java:26)
	at sun.reflect.NativeMethodAccessorImpl.invoke0(Native Method)
	at sun.reflect.NativeMethodAccessorImpl.invoke(NativeMethodAccessorImpl.java:62)
	at sun.reflect.DelegatingMethodAccessorImpl.invoke(DelegatingMethodAccessorImpl.java:43)
	at java.lang.reflect.Method.invoke(Method.java:498)
	at org.testng.internal.MethodInvocationHelper.invokeMethod(MethodInvocationHelper.java:86)
	at org.testng.internal.Invoker.invokeConfigurationMethod(Invoker.java:514)
	at org.testng.internal.Invoker.invokeConfigurations(Invoker.java:215)
	at org.testng.internal.Invoker.invokeConfigurations(Invoker.java:142)
	at org.testng.SuiteRunner.privateRun(SuiteRunner.java:305)
	at org.testng.SuiteRunner.run(SuiteRunner.java:268)
	at org.testng.SuiteRunnerWorker.runSuite(SuiteRunnerWorker.java:52)
	at org.testng.SuiteRunnerWorker.run(SuiteRunnerWorker.java:86)
	at org.testng.TestNG.runSuitesSequentially(TestNG.java:1244)
	at org.testng.TestNG.runSuitesLocally(TestNG.java:1169)
	at org.testng.TestNG.run(TestNG.java:1064)
	at org.testng.remote.AbstractRemoteTestNG.run(AbstractRemoteTestNG.java:114)
	at org.testng.remote.RemoteTestNG.initAndRun(RemoteTestNG.java:251)
	at org.testng.remote.RemoteTestNG.main(RemoteTestNG.java:77)
]]>
    </error>
  </testcase> <!-- TheCookiesTextIsPresent -->
  <testcase name="TheUserGeneralConditionsTextIsPresent" time="0.001" classname="Citroën.HPCompESTest">
    <error type="org.openqa.selenium.SessionNotCreatedException" message="session not created
from disconnected: received Inspector.detached event
  (Session info: chrome=77.0.3865.90)
Build info: version: &#039;3.9.1&#039;, revision: &#039;63f7b50&#039;, time: &#039;2018-02-07T22:42:28.403Z&#039;
System info: host: &#039;B1009809&#039;, ip: &#039;10.82.56.188&#039;, os.name: &#039;Windows 10&#039;, os.arch: &#039;amd64&#039;, os.version: &#039;10.0&#039;, java.version: &#039;1.8.0_181&#039;
Driver info: driver.version: ChromeDriver
remote stacktrace: Backtrace:
	Ordinal0 [0x0116EB13+1501971]
	Ordinal0 [0x010EF6D1+980689]
	Ordinal0 [0x0107765F+489055]
	Ordinal0 [0x010702B5+459445]
	Ordinal0 [0x0106FEA4+458404]
	Ordinal0 [0x0106FA1D+457245]
	Ordinal0 [0x0106F21D+455197]
	Ordinal0 [0x0106EDE4+454116]
	Ordinal0 [0x0106EDA5+454053]
	Ordinal0 [0x010736A9+472745]
	Ordinal0 [0x0106ED5C+453980]
	Ordinal0 [0x0106F6D1+456401]
	Ordinal0 [0x0106F21D+455197]
	Ordinal0 [0x0106EDE4+454116]
	Ordinal0 [0x0106EDA5+454053]
	Ordinal0 [0x01072C67+470119]
	Ordinal0 [0x0106ED5C+453980]
	Ordinal0 [0x0106F6D1+456401]
	Ordinal0 [0x0106F21D+455197]
	Ordinal0 [0x0106EDE4+454116]
	Ordinal0 [0x0106EDA5+454053]
	Ordinal0 [0x0106BA0C+440844]
	Ordinal0 [0x0106ED5C+453980]
	Ordinal0 [0x0106EC44+453700]
	Ordinal0 [0x01078330+492336]
	Ordinal0 [0x0102A108+172296]
	Ordinal0 [0x0102942D+169005]
	Ordinal0 [0x010278EB+162027]
	Ordinal0 [0x01010AC7+68295]
	Ordinal0 [0x01011B40+72512]
	Ordinal0 [0x01011AD9+72409]
	Ordinal0 [0x01108F37+1085239]
	GetHandleVerifier [0x0120D7ED+503293]
	GetHandleVerifier [0x0120D580+502672]
	GetHandleVerifier [0x012146AC+531644]
	GetHandleVerifier [0x0120DFFA+505354]
	Ordinal0 [0x01100606+1050118]
	Ordinal0 [0x0110047F+1049727]
	Ordinal0 [0x0110AF9B+1093531]
	Ordinal0 [0x0110B103+1093891]
	Ordinal0 [0x0110A095+1089685]
	BaseThreadInitThunk [0x76AB62C4+36]
	RtlSubscribeWnfStateChangeNotification [0x77481F69+1081]
	RtlSubscribeWnfStateChangeNotification [0x77481F34+1028]
">
      <![CDATA[org.openqa.selenium.SessionNotCreatedException: session not created
from disconnected: received Inspector.detached event
  (Session info: chrome=77.0.3865.90)
Build info: version: '3.9.1', revision: '63f7b50', time: '2018-02-07T22:42:28.403Z'
System info: host: 'B1009809', ip: '10.82.56.188', os.name: 'Windows 10', os.arch: 'amd64', os.version: '10.0', java.version: '1.8.0_181'
Driver info: driver.version: ChromeDriver
remote stacktrace: Backtrace:
	Ordinal0 [0x0116EB13+1501971]
	Ordinal0 [0x010EF6D1+980689]
	Ordinal0 [0x0107765F+489055]
	Ordinal0 [0x010702B5+459445]
	Ordinal0 [0x0106FEA4+458404]
	Ordinal0 [0x0106FA1D+457245]
	Ordinal0 [0x0106F21D+455197]
	Ordinal0 [0x0106EDE4+454116]
	Ordinal0 [0x0106EDA5+454053]
	Ordinal0 [0x010736A9+472745]
	Ordinal0 [0x0106ED5C+453980]
	Ordinal0 [0x0106F6D1+456401]
	Ordinal0 [0x0106F21D+455197]
	Ordinal0 [0x0106EDE4+454116]
	Ordinal0 [0x0106EDA5+454053]
	Ordinal0 [0x01072C67+470119]
	Ordinal0 [0x0106ED5C+453980]
	Ordinal0 [0x0106F6D1+456401]
	Ordinal0 [0x0106F21D+455197]
	Ordinal0 [0x0106EDE4+454116]
	Ordinal0 [0x0106EDA5+454053]
	Ordinal0 [0x0106BA0C+440844]
	Ordinal0 [0x0106ED5C+453980]
	Ordinal0 [0x0106EC44+453700]
	Ordinal0 [0x01078330+492336]
	Ordinal0 [0x0102A108+172296]
	Ordinal0 [0x0102942D+169005]
	Ordinal0 [0x010278EB+162027]
	Ordinal0 [0x01010AC7+68295]
	Ordinal0 [0x01011B40+72512]
	Ordinal0 [0x01011AD9+72409]
	Ordinal0 [0x01108F37+1085239]
	GetHandleVerifier [0x0120D7ED+503293]
	GetHandleVerifier [0x0120D580+502672]
	GetHandleVerifier [0x012146AC+531644]
	GetHandleVerifier [0x0120DFFA+505354]
	Ordinal0 [0x01100606+1050118]
	Ordinal0 [0x0110047F+1049727]
	Ordinal0 [0x0110AF9B+1093531]
	Ordinal0 [0x0110B103+1093891]
	Ordinal0 [0x0110A095+1089685]
	BaseThreadInitThunk [0x76AB62C4+36]
	RtlSubscribeWnfStateChangeNotification [0x77481F69+1081]
	RtlSubscribeWnfStateChangeNotification [0x77481F34+1028]

	at sun.reflect.NativeConstructorAccessorImpl.newInstance0(Native Method)
	at sun.reflect.NativeConstructorAccessorImpl.newInstance(NativeConstructorAccessorImpl.java:62)
	at sun.reflect.DelegatingConstructorAccessorImpl.newInstance(DelegatingConstructorAccessorImpl.java:45)
	at java.lang.reflect.Constructor.newInstance(Constructor.java:423)
	at org.openqa.selenium.remote.W3CHandshakeResponse.lambda$new$0(W3CHandshakeResponse.java:57)
	at org.openqa.selenium.remote.W3CHandshakeResponse.lambda$getResponseFunction$2(W3CHandshakeResponse.java:104)
	at org.openqa.selenium.remote.ProtocolHandshake.lambda$createSession$0(ProtocolHandshake.java:123)
	at java.util.stream.ReferencePipeline$3$1.accept(ReferencePipeline.java:193)
	at java.util.Spliterators$ArraySpliterator.tryAdvance(Spliterators.java:958)
	at java.util.stream.ReferencePipeline.forEachWithCancel(ReferencePipeline.java:126)
	at java.util.stream.AbstractPipeline.copyIntoWithCancel(AbstractPipeline.java:498)
	at java.util.stream.AbstractPipeline.copyInto(AbstractPipeline.java:485)
	at java.util.stream.AbstractPipeline.wrapAndCopyInto(AbstractPipeline.java:471)
	at java.util.stream.FindOps$FindOp.evaluateSequential(FindOps.java:152)
	at java.util.stream.AbstractPipeline.evaluate(AbstractPipeline.java:234)
	at java.util.stream.ReferencePipeline.findFirst(ReferencePipeline.java:464)
	at org.openqa.selenium.remote.ProtocolHandshake.createSession(ProtocolHandshake.java:126)
	at org.openqa.selenium.remote.ProtocolHandshake.createSession(ProtocolHandshake.java:73)
	at org.openqa.selenium.remote.HttpCommandExecutor.execute(HttpCommandExecutor.java:138)
	at org.openqa.selenium.remote.service.DriverCommandExecutor.execute(DriverCommandExecutor.java:83)
	at org.openqa.selenium.remote.RemoteWebDriver.execute(RemoteWebDriver.java:601)
	at org.openqa.selenium.remote.RemoteWebDriver.startSession(RemoteWebDriver.java:219)
	at org.openqa.selenium.remote.RemoteWebDriver.<init>(RemoteWebDriver.java:142)
	at org.openqa.selenium.chrome.ChromeDriver.<init>(ChromeDriver.java:181)
	at org.openqa.selenium.chrome.ChromeDriver.<init>(ChromeDriver.java:147)
	at Utilities.InitialiseDrivers.InitialiseChromDriver(InitialiseDrivers.java:24)
	at Citroën.HPCompESTest.BeforeTest(HPCompESTest.java:26)
	at sun.reflect.NativeMethodAccessorImpl.invoke0(Native Method)
	at sun.reflect.NativeMethodAccessorImpl.invoke(NativeMethodAccessorImpl.java:62)
	at sun.reflect.DelegatingMethodAccessorImpl.invoke(DelegatingMethodAccessorImpl.java:43)
	at java.lang.reflect.Method.invoke(Method.java:498)
	at org.testng.internal.MethodInvocationHelper.invokeMethod(MethodInvocationHelper.java:86)
	at org.testng.internal.Invoker.invokeConfigurationMethod(Invoker.java:514)
	at org.testng.internal.Invoker.invokeConfigurations(Invoker.java:215)
	at org.testng.internal.Invoker.invokeConfigurations(Invoker.java:142)
	at org.testng.SuiteRunner.privateRun(SuiteRunner.java:305)
	at org.testng.SuiteRunner.run(SuiteRunner.java:268)
	at org.testng.SuiteRunnerWorker.runSuite(SuiteRunnerWorker.java:52)
	at org.testng.SuiteRunnerWorker.run(SuiteRunnerWorker.java:86)
	at org.testng.TestNG.runSuitesSequentially(TestNG.java:1244)
	at org.testng.TestNG.runSuitesLocally(TestNG.java:1169)
	at org.testng.TestNG.run(TestNG.java:1064)
	at org.testng.remote.AbstractRemoteTestNG.run(AbstractRemoteTestNG.java:114)
	at org.testng.remote.RemoteTestNG.initAndRun(RemoteTestNG.java:251)
	at org.testng.remote.RemoteTestNG.main(RemoteTestNG.java:77)
]]>
    </error>
  </testcase> <!-- TheUserGeneralConditionsTextIsPresent -->
  <testcase name="ThePageTitleisCorrect" time="0.002" classname="Citroën.HPCompESTest">
    <error type="org.openqa.selenium.SessionNotCreatedException" message="session not created
from disconnected: received Inspector.detached event
  (Session info: chrome=77.0.3865.90)
Build info: version: &#039;3.9.1&#039;, revision: &#039;63f7b50&#039;, time: &#039;2018-02-07T22:42:28.403Z&#039;
System info: host: &#039;B1009809&#039;, ip: &#039;10.82.56.188&#039;, os.name: &#039;Windows 10&#039;, os.arch: &#039;amd64&#039;, os.version: &#039;10.0&#039;, java.version: &#039;1.8.0_181&#039;
Driver info: driver.version: ChromeDriver
remote stacktrace: Backtrace:
	Ordinal0 [0x0116EB13+1501971]
	Ordinal0 [0x010EF6D1+980689]
	Ordinal0 [0x0107765F+489055]
	Ordinal0 [0x010702B5+459445]
	Ordinal0 [0x0106FEA4+458404]
	Ordinal0 [0x0106FA1D+457245]
	Ordinal0 [0x0106F21D+455197]
	Ordinal0 [0x0106EDE4+454116]
	Ordinal0 [0x0106EDA5+454053]
	Ordinal0 [0x010736A9+472745]
	Ordinal0 [0x0106ED5C+453980]
	Ordinal0 [0x0106F6D1+456401]
	Ordinal0 [0x0106F21D+455197]
	Ordinal0 [0x0106EDE4+454116]
	Ordinal0 [0x0106EDA5+454053]
	Ordinal0 [0x01072C67+470119]
	Ordinal0 [0x0106ED5C+453980]
	Ordinal0 [0x0106F6D1+456401]
	Ordinal0 [0x0106F21D+455197]
	Ordinal0 [0x0106EDE4+454116]
	Ordinal0 [0x0106EDA5+454053]
	Ordinal0 [0x0106BA0C+440844]
	Ordinal0 [0x0106ED5C+453980]
	Ordinal0 [0x0106EC44+453700]
	Ordinal0 [0x01078330+492336]
	Ordinal0 [0x0102A108+172296]
	Ordinal0 [0x0102942D+169005]
	Ordinal0 [0x010278EB+162027]
	Ordinal0 [0x01010AC7+68295]
	Ordinal0 [0x01011B40+72512]
	Ordinal0 [0x01011AD9+72409]
	Ordinal0 [0x01108F37+1085239]
	GetHandleVerifier [0x0120D7ED+503293]
	GetHandleVerifier [0x0120D580+502672]
	GetHandleVerifier [0x012146AC+531644]
	GetHandleVerifier [0x0120DFFA+505354]
	Ordinal0 [0x01100606+1050118]
	Ordinal0 [0x0110047F+1049727]
	Ordinal0 [0x0110AF9B+1093531]
	Ordinal0 [0x0110B103+1093891]
	Ordinal0 [0x0110A095+1089685]
	BaseThreadInitThunk [0x76AB62C4+36]
	RtlSubscribeWnfStateChangeNotification [0x77481F69+1081]
	RtlSubscribeWnfStateChangeNotification [0x77481F34+1028]
">
      <![CDATA[org.openqa.selenium.SessionNotCreatedException: session not created
from disconnected: received Inspector.detached event
  (Session info: chrome=77.0.3865.90)
Build info: version: '3.9.1', revision: '63f7b50', time: '2018-02-07T22:42:28.403Z'
System info: host: 'B1009809', ip: '10.82.56.188', os.name: 'Windows 10', os.arch: 'amd64', os.version: '10.0', java.version: '1.8.0_181'
Driver info: driver.version: ChromeDriver
remote stacktrace: Backtrace:
	Ordinal0 [0x0116EB13+1501971]
	Ordinal0 [0x010EF6D1+980689]
	Ordinal0 [0x0107765F+489055]
	Ordinal0 [0x010702B5+459445]
	Ordinal0 [0x0106FEA4+458404]
	Ordinal0 [0x0106FA1D+457245]
	Ordinal0 [0x0106F21D+455197]
	Ordinal0 [0x0106EDE4+454116]
	Ordinal0 [0x0106EDA5+454053]
	Ordinal0 [0x010736A9+472745]
	Ordinal0 [0x0106ED5C+453980]
	Ordinal0 [0x0106F6D1+456401]
	Ordinal0 [0x0106F21D+455197]
	Ordinal0 [0x0106EDE4+454116]
	Ordinal0 [0x0106EDA5+454053]
	Ordinal0 [0x01072C67+470119]
	Ordinal0 [0x0106ED5C+453980]
	Ordinal0 [0x0106F6D1+456401]
	Ordinal0 [0x0106F21D+455197]
	Ordinal0 [0x0106EDE4+454116]
	Ordinal0 [0x0106EDA5+454053]
	Ordinal0 [0x0106BA0C+440844]
	Ordinal0 [0x0106ED5C+453980]
	Ordinal0 [0x0106EC44+453700]
	Ordinal0 [0x01078330+492336]
	Ordinal0 [0x0102A108+172296]
	Ordinal0 [0x0102942D+169005]
	Ordinal0 [0x010278EB+162027]
	Ordinal0 [0x01010AC7+68295]
	Ordinal0 [0x01011B40+72512]
	Ordinal0 [0x01011AD9+72409]
	Ordinal0 [0x01108F37+1085239]
	GetHandleVerifier [0x0120D7ED+503293]
	GetHandleVerifier [0x0120D580+502672]
	GetHandleVerifier [0x012146AC+531644]
	GetHandleVerifier [0x0120DFFA+505354]
	Ordinal0 [0x01100606+1050118]
	Ordinal0 [0x0110047F+1049727]
	Ordinal0 [0x0110AF9B+1093531]
	Ordinal0 [0x0110B103+1093891]
	Ordinal0 [0x0110A095+1089685]
	BaseThreadInitThunk [0x76AB62C4+36]
	RtlSubscribeWnfStateChangeNotification [0x77481F69+1081]
	RtlSubscribeWnfStateChangeNotification [0x77481F34+1028]

	at sun.reflect.NativeConstructorAccessorImpl.newInstance0(Native Method)
	at sun.reflect.NativeConstructorAccessorImpl.newInstance(NativeConstructorAccessorImpl.java:62)
	at sun.reflect.DelegatingConstructorAccessorImpl.newInstance(DelegatingConstructorAccessorImpl.java:45)
	at java.lang.reflect.Constructor.newInstance(Constructor.java:423)
	at org.openqa.selenium.remote.W3CHandshakeResponse.lambda$new$0(W3CHandshakeResponse.java:57)
	at org.openqa.selenium.remote.W3CHandshakeResponse.lambda$getResponseFunction$2(W3CHandshakeResponse.java:104)
	at org.openqa.selenium.remote.ProtocolHandshake.lambda$createSession$0(ProtocolHandshake.java:123)
	at java.util.stream.ReferencePipeline$3$1.accept(ReferencePipeline.java:193)
	at java.util.Spliterators$ArraySpliterator.tryAdvance(Spliterators.java:958)
	at java.util.stream.ReferencePipeline.forEachWithCancel(ReferencePipeline.java:126)
	at java.util.stream.AbstractPipeline.copyIntoWithCancel(AbstractPipeline.java:498)
	at java.util.stream.AbstractPipeline.copyInto(AbstractPipeline.java:485)
	at java.util.stream.AbstractPipeline.wrapAndCopyInto(AbstractPipeline.java:471)
	at java.util.stream.FindOps$FindOp.evaluateSequential(FindOps.java:152)
	at java.util.stream.AbstractPipeline.evaluate(AbstractPipeline.java:234)
	at java.util.stream.ReferencePipeline.findFirst(ReferencePipeline.java:464)
	at org.openqa.selenium.remote.ProtocolHandshake.createSession(ProtocolHandshake.java:126)
	at org.openqa.selenium.remote.ProtocolHandshake.createSession(ProtocolHandshake.java:73)
	at org.openqa.selenium.remote.HttpCommandExecutor.execute(HttpCommandExecutor.java:138)
	at org.openqa.selenium.remote.service.DriverCommandExecutor.execute(DriverCommandExecutor.java:83)
	at org.openqa.selenium.remote.RemoteWebDriver.execute(RemoteWebDriver.java:601)
	at org.openqa.selenium.remote.RemoteWebDriver.startSession(RemoteWebDriver.java:219)
	at org.openqa.selenium.remote.RemoteWebDriver.<init>(RemoteWebDriver.java:142)
	at org.openqa.selenium.chrome.ChromeDriver.<init>(ChromeDriver.java:181)
	at org.openqa.selenium.chrome.ChromeDriver.<init>(ChromeDriver.java:147)
	at Utilities.InitialiseDrivers.InitialiseChromDriver(InitialiseDrivers.java:24)
	at Citroën.HPCompESTest.BeforeTest(HPCompESTest.java:26)
	at sun.reflect.NativeMethodAccessorImpl.invoke0(Native Method)
	at sun.reflect.NativeMethodAccessorImpl.invoke(NativeMethodAccessorImpl.java:62)
	at sun.reflect.DelegatingMethodAccessorImpl.invoke(DelegatingMethodAccessorImpl.java:43)
	at java.lang.reflect.Method.invoke(Method.java:498)
	at org.testng.internal.MethodInvocationHelper.invokeMethod(MethodInvocationHelper.java:86)
	at org.testng.internal.Invoker.invokeConfigurationMethod(Invoker.java:514)
	at org.testng.internal.Invoker.invokeConfigurations(Invoker.java:215)
	at org.testng.internal.Invoker.invokeConfigurations(Invoker.java:142)
	at org.testng.SuiteRunner.privateRun(SuiteRunner.java:305)
	at org.testng.SuiteRunner.run(SuiteRunner.java:268)
	at org.testng.SuiteRunnerWorker.runSuite(SuiteRunnerWorker.java:52)
	at org.testng.SuiteRunnerWorker.run(SuiteRunnerWorker.java:86)
	at org.testng.TestNG.runSuitesSequentially(TestNG.java:1244)
	at org.testng.TestNG.runSuitesLocally(TestNG.java:1169)
	at org.testng.TestNG.run(TestNG.java:1064)
	at org.testng.remote.AbstractRemoteTestNG.run(AbstractRemoteTestNG.java:114)
	at org.testng.remote.RemoteTestNG.initAndRun(RemoteTestNG.java:251)
	at org.testng.remote.RemoteTestNG.main(RemoteTestNG.java:77)
]]>
    </error>
  </testcase> <!-- ThePageTitleisCorrect -->
</testsuite> <!-- Citroën.HPCompESTest -->
